#
# A fatal error has been detected by the Java Runtime Environment:
#
#  EXCEPTION_ACCESS_VIOLATION (0xc0000005) at pc=0x00007ffc0278eb61, pid=13596, tid=1692
#
# JRE version: Java(TM) SE Runtime Environment (14.0+36) (build 14+36-1461)
# Java VM: Java HotSpot(TM) 64-Bit Server VM (14+36-1461, mixed mode, sharing, tiered, compressed oops, g1 gc, windows-amd64)
# Problematic frame:
# V  [jvm.dll+0x37eb61]
#
# No core dump will be written. Minidumps are not enabled by default on client versions of Windows
#
# If you would like to submit a bug report, please visit:
#   https://bugreport.java.com/bugreport/crash.jsp
#

---------------  S U M M A R Y ------------

Command Line: out/make/sictools.jar

Host: Intel(R) Core(TM) i5-5300U CPU @ 2.30GHz, 4 cores, 7G,  Windows 10 , 64 bit Build 18362 (10.0.18362.959)
Time: Sat Jul 25 18:20:04 2020 Central Europe Summer Time elapsed time: 10 seconds (0d 0h 0m 10s)

---------------  T H R E A D  ---------------

Current thread (0x00000260761e8000):  JavaThread "Timer-1" [_thread_in_vm, id=1692, stack(0x000000f445500000,0x000000f445600000)]

Stack: [0x000000f445500000,0x000000f445600000],  sp=0x000000f4455fe7c0,  free space=1017k
Native frames: (J=compiled Java code, j=interpreted, Vv=VM code, C=native code)
V  [jvm.dll+0x37eb61]
C  [sic_jit_pkg.dll+0x33e6]

Java frames: (J=compiled Java code, j=interpreted, Vv=VM code)
j  sic.sim.addons.jit.JustInTime.execute([Lsic/sim/addons/jit/sic2intel/structure/intel/IntelInstr;[Lsic/sim/addons/jit/sic2intel/structure/intel/IntelInstr;)V+0
j  sic.sim.addons.jit.JustInTime.addFreq(I)V+452
j  sic.sim.Executor.timerTickUntil(Ljava/util/function/Predicate;)V+26
j  sic.sim.Executor$1.run()V+8
j  java.util.TimerThread.mainLoop()V+221 java.base@14
j  java.util.TimerThread.run()V+1 java.base@14
v  ~StubRoutines::call_stub

siginfo: EXCEPTION_ACCESS_VIOLATION (0xc0000005), reading address 0x0000000000000000


Register to memory mapping:

RIP=0x00007ffc0278eb61 jvm.dll
RAX=0x0 is NULL
RBX=0x00000260761e8000 is a thread
RCX=0xb25a06ad90b40000 is an unknown value
RDX=0x0000026075eb0b60 points into unknown readable memory: 80 64 0e 89 00 00 00 00
RSP=0x000000f4455fe7c0 is pointing into the stack for thread: 0x00000260761e8000
RBP=0x00000260761e8310 points into unknown readable memory: a0 2a dd 02 fc 7f 00 00
RSI=0x0000000000000100 is an unknown value
RDI=0x00000260761e8000 is a thread
R8 =0x0 is NULL
R9 =0x000000f4455fe8e8 is pointing into the stack for thread: 0x00000260761e8000
R10=0x0000000000000045 is an unknown value
R11=0x000000f4455fe7b8 is pointing into the stack for thread: 0x00000260761e8000
R12=0x0000026075eb0b60 points into unknown readable memory: 80 64 0e 89 00 00 00 00
R13=0x0 is NULL
R14=0x0 is NULL
R15=0x000000f4455fe8e8 is pointing into the stack for thread: 0x00000260761e8000


Registers:
RAX=0x0000000000000000, RBX=0x00000260761e8000, RCX=0xb25a06ad90b40000, RDX=0x0000026075eb0b60
RSP=0x000000f4455fe7c0, RBP=0x00000260761e8310, RSI=0x0000000000000100, RDI=0x00000260761e8000
R8 =0x0000000000000000, R9 =0x000000f4455fe8e8, R10=0x0000000000000045, R11=0x000000f4455fe7b8
R12=0x0000026075eb0b60, R13=0x0000000000000000, R14=0x0000000000000000, R15=0x000000f4455fe8e8
RIP=0x00007ffc0278eb61, EFLAGS=0x0000000000010202

Top of Stack: (sp=0x000000f4455fe7c0)
0x000000f4455fe7c0:   00000260761e8000 0000000000000100
0x000000f4455fe7d0:   0000000000000001 0000000000000000
0x000000f4455fe7e0:   0000b2ae43f276c4 000000f4455fe830
0x000000f4455fe7f0:   000000006e906057 000000006e90603f
0x000000f4455fe800:   000002607526fd18 0000026075eb0b68
0x000000f4455fe810:   00000260761e8000 0000026075b45198
0x000000f4455fe820:   0000026000000523 00007ffc02c72db8
0x000000f4455fe830:   00000260761e8310 00005b74d84c2f91
0x000000f4455fe840:   0000000000000008 00007ffc52943679
0x000000f4455fe850:   00007ffc5297fa00 00000260761e8000
0x000000f4455fe860:   00000260761e8000 000000f4455febf8
0x000000f4455fe870:   000002607526fd18 0000000000000000
0x000000f4455fe880:   000000000000011b 000000006e9033e6
0x000000f4455fe890:   000002607526fd18 000000f4455fe8c0
0x000000f4455fe8a0:   0000000000000148 000000f4455fe8c0
0x000000f4455fe8b0:   000000f4455fe8e8 000000000000011b 

Instructions: (pc=0x00007ffc0278eb61)
0x00007ffc0278ea61:   83 80 03 00 00 04 00 00 00 49 8b 5b 30 48 8b c6
0x00007ffc0278ea71:   49 8b 6b 38 49 8b 73 40 49 8b e3 41 5f 41 5e 41
0x00007ffc0278ea81:   5d 41 5c 5f c3 cc cc cc cc cc cc cc cc cc cc 48
0x00007ffc0278ea91:   89 5c 24 08 48 89 6c 24 10 48 89 74 24 18 57 41
0x00007ffc0278eaa1:   54 41 55 41 56 41 57 48 81 ec a0 00 00 00 8b 81
0x00007ffc0278eab1:   88 00 00 00 48 8d b9 f0 fc ff ff 05 55 21 ff ff
0x00007ffc0278eac1:   4d 8b f9 4d 8b f0 4c 8b e2 48 8b e9 83 f8 01 76
0x00007ffc0278ead1:   0d 48 8b cf 40 b6 01 e8 e3 0c 38 00 eb 03 40 32
0x00007ffc0278eae1:   f6 45 33 ed 40 84 f6 41 8b dd 48 0f 44 df c7 83
0x00007ffc0278eaf1:   80 03 00 00 05 00 00 00 e8 82 b5 26 00 48 8b 03
0x00007ffc0278eb01:   48 8b cb ff 50 38 84 c0 74 0e 48 8b 83 10 01 00
0x00007ffc0278eb11:   00 c0 e8 03 24 01 eb 0b 8b 05 61 cd 6d 00 85 c0
0x00007ffc0278eb21:   0f 95 c0 84 c0 75 0d 8b 83 e0 00 00 00 a9 04 00
0x00007ffc0278eb31:   00 20 74 08 48 8b cb e8 23 13 38 00 c7 83 80 03
0x00007ffc0278eb41:   00 00 06 00 00 00 48 89 5c 24 50 4c 89 6c 24 58
0x00007ffc0278eb51:   4c 39 6b 08 74 0a 48 8d 4c 24 50 e8 8f 3f 2a 00
0x00007ffc0278eb61:   49 8b 06 48 8d 4c 24 70 c7 44 24 40 0a 00 00 00
0x00007ffc0278eb71:   48 8b 50 08 0f b7 42 2c 48 8b 52 08 48 8b 54 c2
0x00007ffc0278eb81:   40 e8 49 53 2f 00 48 8d 05 aa 43 4e 00 48 89 5c
0x00007ffc0278eb91:   24 30 48 89 44 24 70 48 8d 54 24 40 48 8d 44 24
0x00007ffc0278eba1:   70 c7 84 24 88 00 00 00 63 00 00 00 48 89 44 24
0x00007ffc0278ebb1:   28 41 b9 01 00 00 00 4d 8b c4 4c 89 74 24 20 48
0x00007ffc0278ebc1:   8b cd 4c 89 ac 24 90 00 00 00 4c 89 bc 24 98 00
0x00007ffc0278ebd1:   00 00 e8 48 56 01 00 4c 39 6b 08 8b 74 24 48 41
0x00007ffc0278ebe1:   0f 45 f5 4c 39 6c 24 58 74 0a 48 8d 4c 24 50 e8
0x00007ffc0278ebf1:   9b 3f 2a 00 48 8b bb f8 00 00 00 48 8b 4f 10 4c
0x00007ffc0278ec01:   39 29 74 0c 48 8b cf e8 33 4a f8 ff 48 8b 4f 10
0x00007ffc0278ec11:   48 8b 47 08 48 89 48 10 48 8b 4f 08 48 8b 47 18
0x00007ffc0278ec21:   48 89 41 18 48 8b 4f 08 48 8b 47 20 48 89 41 20
0x00007ffc0278ec31:   c7 83 80 03 00 00 07 00 00 00 e8 40 b4 26 00 48
0x00007ffc0278ec41:   8b 8b 10 01 00 00 c0 e9 03 f6 c1 01 74 08 48 8b
0x00007ffc0278ec51:   cb e8 59 b2 2d 00 4c 8d 9c 24 a0 00 00 00 c7 83 


Stack slot to memory mapping:
stack at sp + 0 slots: 0x00000260761e8000 is a thread
stack at sp + 1 slots: 0x0000000000000100 is an unknown value
stack at sp + 2 slots: 0x0000000000000001 is an unknown value
stack at sp + 3 slots: 0x0 is NULL
stack at sp + 4 slots: 0x0000b2ae43f276c4 is an unknown value
stack at sp + 5 slots: 0x000000f4455fe830 is pointing into the stack for thread: 0x00000260761e8000
stack at sp + 6 slots: 0x000000006e906057 sic_jit_pkg.dll
stack at sp + 7 slots: 0x000000006e90603f sic_jit_pkg.dll


---------------  P R O C E S S  ---------------

Threads class SMR info:
_java_thread_list=0x00000260761ca4c0, length=20, elements={
0x0000026074e24000, 0x0000026074e25000, 0x0000026074e3f000, 0x0000026074e42000,
0x0000026074e44000, 0x0000026074e49800, 0x0000026074e4b800, 0x0000026074e4e000,
0x000002607588c000, 0x0000026075895800, 0x0000026075b43800, 0x0000026075b44000,
0x0000026075db6800, 0x0000026075f21000, 0x0000026076072800, 0x00000260761e9000,
0x00000260761eb000, 0x00000260761e7000, 0x00000260761e8000, 0x00000260763cd000
}

Java Threads: ( => current thread )
  0x0000026074e24000 JavaThread "Reference Handler" daemon [_thread_blocked, id=12040, stack(0x000000f444500000,0x000000f444600000)]
  0x0000026074e25000 JavaThread "Finalizer" daemon [_thread_blocked, id=10252, stack(0x000000f444600000,0x000000f444700000)]
  0x0000026074e3f000 JavaThread "Signal Dispatcher" daemon [_thread_blocked, id=11900, stack(0x000000f444700000,0x000000f444800000)]
  0x0000026074e42000 JavaThread "Attach Listener" daemon [_thread_blocked, id=14112, stack(0x000000f444800000,0x000000f444900000)]
  0x0000026074e44000 JavaThread "Service Thread" daemon [_thread_blocked, id=7228, stack(0x000000f444900000,0x000000f444a00000)]
  0x0000026074e49800 JavaThread "C2 CompilerThread0" daemon [_thread_blocked, id=9248, stack(0x000000f444a00000,0x000000f444b00000)]
  0x0000026074e4b800 JavaThread "C1 CompilerThread0" daemon [_thread_blocked, id=11364, stack(0x000000f444b00000,0x000000f444c00000)]
  0x0000026074e4e000 JavaThread "Sweeper thread" daemon [_thread_blocked, id=15388, stack(0x000000f444c00000,0x000000f444d00000)]
  0x000002607588c000 JavaThread "Notification Thread" daemon [_thread_blocked, id=8460, stack(0x000000f444d00000,0x000000f444e00000)]
  0x0000026075895800 JavaThread "Common-Cleaner" daemon [_thread_blocked, id=16652, stack(0x000000f444f00000,0x000000f445000000)]
  0x0000026075b43800 JavaThread "Java2D Disposer" daemon [_thread_blocked, id=13568, stack(0x000000f445000000,0x000000f445100000)]
  0x0000026075b44000 JavaThread "AWT-Shutdown" [_thread_blocked, id=12524, stack(0x000000f445100000,0x000000f445200000)]
  0x0000026075db6800 JavaThread "AWT-Windows" daemon [_thread_in_native, id=14312, stack(0x000000f445200000,0x000000f445300000)]
  0x0000026075f21000 JavaThread "AWT-EventQueue-0" [_thread_blocked, id=9872, stack(0x000000f445400000,0x000000f445500000)]
  0x0000026076072800 JavaThread "Swing-Shell" daemon [_thread_blocked, id=2776, stack(0x000000f445a00000,0x000000f445b00000)]
  0x00000260761e9000 JavaThread "TimerQueue" daemon [_thread_blocked, id=16828, stack(0x000000f445300000,0x000000f445400000)]
  0x00000260761eb000 JavaThread "Timer-0" [_thread_blocked, id=1688, stack(0x000000f445f00000,0x000000f446000000)]
  0x00000260761e7000 JavaThread "DestroyJavaVM" [_thread_blocked, id=3204, stack(0x000000f443e00000,0x000000f443f00000)]
=>0x00000260761e8000 JavaThread "Timer-1" [_thread_in_vm, id=1692, stack(0x000000f445500000,0x000000f445600000)]
  0x00000260763cd000 JavaThread "C2 CompilerThread1" daemon [_thread_in_native, id=12996, stack(0x000000f446000000,0x000000f446100000)]

Other Threads:
  0x0000026074e22000 VMThread "VM Thread" [stack: 0x000000f444400000,0x000000f444500000] [id=13104]
  0x000002607588c800 WatcherThread [stack: 0x000000f444e00000,0x000000f444f00000] [id=10576]
  0x00000260566e3000 GCTaskThread "GC Thread#0" [stack: 0x000000f443f00000,0x000000f444000000] [id=14972]
  0x0000026076072000 GCTaskThread "GC Thread#1" [stack: 0x000000f445600000,0x000000f445700000] [id=2664]
  0x0000026076064800 GCTaskThread "GC Thread#2" [stack: 0x000000f445700000,0x000000f445800000] [id=8348]
  0x0000026075ff3800 GCTaskThread "GC Thread#3" [stack: 0x000000f445800000,0x000000f445900000] [id=7104]
  0x00000260566f4800 ConcurrentGCThread "G1 Main Marker" [stack: 0x000000f444000000,0x000000f444100000] [id=11172]
  0x00000260566f6000 ConcurrentGCThread "G1 Conc#0" [stack: 0x000000f444100000,0x000000f444200000] [id=4752]
  0x0000026074c91800 ConcurrentGCThread "G1 Refine#0" [stack: 0x000000f444200000,0x000000f444300000] [id=10384]
  0x0000026076085800 ConcurrentGCThread "G1 Refine#1" [stack: 0x000000f445900000,0x000000f445a00000] [id=14504]
  0x0000026074c92000 ConcurrentGCThread "G1 Young RemSet Sampling" [stack: 0x000000f444300000,0x000000f444400000] [id=17128]

Threads with active compile tasks:
C2 CompilerThread1    10120 3069   !   4       javax.swing.RepaintManager::addDirtyRegion0 (205 bytes)

VM state:not at safepoint (normal execution)

VM Mutex/Monitor currently owned by a thread: None

Heap address: 0x0000000081e00000, size: 2018 MB, Compressed Oops mode: 32-bit
Narrow klass base: 0x0000000800000000, Narrow klass shift: 3
Compressed class space size: 1073741824 Address: 0x0000000800b30000

Heap:
 garbage-first heap   total 131072K, used 23782K [0x0000000081e00000, 0x0000000100000000)
  region size 1024K, 17 young (17408K), 2 survivors (2048K)
 Metaspace       used 16531K, capacity 16895K, committed 17024K, reserved 1064960K
  class space    used 1941K, capacity 2100K, committed 2176K, reserved 1048576K
Heap Regions: E=young(eden), S=young(survivor), O=old, HS=humongous(starts), HC=humongous(continues), CS=collection set, F=free, OA=open archive, CA=closed archive, TAMS=top-at-mark-start (previous, next)
|   0|0x0000000081e00000, 0x0000000081f00000, 0x0000000081f00000|100%|HS|  |TAMS 0x0000000081e00000, 0x0000000081e00000| Complete 
|   1|0x0000000081f00000, 0x0000000082000000, 0x0000000082000000|100%|HC|  |TAMS 0x0000000081f00000, 0x0000000081f00000| Complete 
|   2|0x0000000082000000, 0x0000000082100000, 0x0000000082100000|100%| O|  |TAMS 0x0000000082000000, 0x0000000082000000| Untracked 
|   3|0x0000000082100000, 0x0000000082200000, 0x0000000082200000|100%|HS|  |TAMS 0x0000000082100000, 0x0000000082100000| Complete 
|   4|0x0000000082200000, 0x0000000082300000, 0x0000000082300000|100%|HC|  |TAMS 0x0000000082200000, 0x0000000082200000| Complete 
|   5|0x0000000082300000, 0x0000000082400000, 0x0000000082400000|100%|HC|  |TAMS 0x0000000082300000, 0x0000000082300000| Complete 
|   6|0x0000000082400000, 0x0000000082500000, 0x0000000082500000|100%| O|  |TAMS 0x0000000082400000, 0x0000000082400000| Untracked 
|   7|0x0000000082500000, 0x00000000825e3000, 0x0000000082600000| 88%| O|  |TAMS 0x0000000082500000, 0x0000000082500000| Untracked 
|   8|0x0000000082600000, 0x0000000082600000, 0x0000000082700000|  0%| F|  |TAMS 0x0000000082600000, 0x0000000082600000| Untracked 
|   9|0x0000000082700000, 0x0000000082700000, 0x0000000082800000|  0%| F|  |TAMS 0x0000000082700000, 0x0000000082700000| Untracked 
|  10|0x0000000082800000, 0x0000000082800000, 0x0000000082900000|  0%| F|  |TAMS 0x0000000082800000, 0x0000000082800000| Untracked 
|  11|0x0000000082900000, 0x0000000082900000, 0x0000000082a00000|  0%| F|  |TAMS 0x0000000082900000, 0x0000000082900000| Untracked 
|  12|0x0000000082a00000, 0x0000000082a00000, 0x0000000082b00000|  0%| F|  |TAMS 0x0000000082a00000, 0x0000000082a00000| Untracked 
|  13|0x0000000082b00000, 0x0000000082b00000, 0x0000000082c00000|  0%| F|  |TAMS 0x0000000082b00000, 0x0000000082b00000| Untracked 
|  14|0x0000000082c00000, 0x0000000082c00000, 0x0000000082d00000|  0%| F|  |TAMS 0x0000000082c00000, 0x0000000082c00000| Untracked 
|  15|0x0000000082d00000, 0x0000000082d00000, 0x0000000082e00000|  0%| F|  |TAMS 0x0000000082d00000, 0x0000000082d00000| Untracked 
|  16|0x0000000082e00000, 0x0000000082e00000, 0x0000000082f00000|  0%| F|  |TAMS 0x0000000082e00000, 0x0000000082e00000| Untracked 
|  17|0x0000000082f00000, 0x0000000082f00000, 0x0000000083000000|  0%| F|  |TAMS 0x0000000082f00000, 0x0000000082f00000| Untracked 
|  18|0x0000000083000000, 0x0000000083000000, 0x0000000083100000|  0%| F|  |TAMS 0x0000000083000000, 0x0000000083000000| Untracked 
|  19|0x0000000083100000, 0x0000000083100000, 0x0000000083200000|  0%| F|  |TAMS 0x0000000083100000, 0x0000000083100000| Untracked 
|  20|0x0000000083200000, 0x0000000083200000, 0x0000000083300000|  0%| F|  |TAMS 0x0000000083200000, 0x0000000083200000| Untracked 
|  21|0x0000000083300000, 0x0000000083300000, 0x0000000083400000|  0%| F|  |TAMS 0x0000000083300000, 0x0000000083300000| Untracked 
|  22|0x0000000083400000, 0x0000000083400000, 0x0000000083500000|  0%| F|  |TAMS 0x0000000083400000, 0x0000000083400000| Untracked 
|  23|0x0000000083500000, 0x0000000083500000, 0x0000000083600000|  0%| F|  |TAMS 0x0000000083500000, 0x0000000083500000| Untracked 
|  24|0x0000000083600000, 0x0000000083600000, 0x0000000083700000|  0%| F|  |TAMS 0x0000000083600000, 0x0000000083600000| Untracked 
|  25|0x0000000083700000, 0x0000000083700000, 0x0000000083800000|  0%| F|  |TAMS 0x0000000083700000, 0x0000000083700000| Untracked 
|  26|0x0000000083800000, 0x0000000083800000, 0x0000000083900000|  0%| F|  |TAMS 0x0000000083800000, 0x0000000083800000| Untracked 
|  27|0x0000000083900000, 0x0000000083900000, 0x0000000083a00000|  0%| F|  |TAMS 0x0000000083900000, 0x0000000083900000| Untracked 
|  28|0x0000000083a00000, 0x0000000083a00000, 0x0000000083b00000|  0%| F|  |TAMS 0x0000000083a00000, 0x0000000083a00000| Untracked 
|  29|0x0000000083b00000, 0x0000000083b00000, 0x0000000083c00000|  0%| F|  |TAMS 0x0000000083b00000, 0x0000000083b00000| Untracked 
|  30|0x0000000083c00000, 0x0000000083c00000, 0x0000000083d00000|  0%| F|  |TAMS 0x0000000083c00000, 0x0000000083c00000| Untracked 
|  31|0x0000000083d00000, 0x0000000083d00000, 0x0000000083e00000|  0%| F|  |TAMS 0x0000000083d00000, 0x0000000083d00000| Untracked 
|  32|0x0000000083e00000, 0x0000000083e00000, 0x0000000083f00000|  0%| F|  |TAMS 0x0000000083e00000, 0x0000000083e00000| Untracked 
|  33|0x0000000083f00000, 0x0000000083f00000, 0x0000000084000000|  0%| F|  |TAMS 0x0000000083f00000, 0x0000000083f00000| Untracked 
|  34|0x0000000084000000, 0x0000000084000000, 0x0000000084100000|  0%| F|  |TAMS 0x0000000084000000, 0x0000000084000000| Untracked 
|  35|0x0000000084100000, 0x0000000084100000, 0x0000000084200000|  0%| F|  |TAMS 0x0000000084100000, 0x0000000084100000| Untracked 
|  36|0x0000000084200000, 0x0000000084200000, 0x0000000084300000|  0%| F|  |TAMS 0x0000000084200000, 0x0000000084200000| Untracked 
|  37|0x0000000084300000, 0x0000000084300000, 0x0000000084400000|  0%| F|  |TAMS 0x0000000084300000, 0x0000000084300000| Untracked 
|  38|0x0000000084400000, 0x0000000084400000, 0x0000000084500000|  0%| F|  |TAMS 0x0000000084400000, 0x0000000084400000| Untracked 
|  39|0x0000000084500000, 0x0000000084500000, 0x0000000084600000|  0%| F|  |TAMS 0x0000000084500000, 0x0000000084500000| Untracked 
|  40|0x0000000084600000, 0x0000000084600000, 0x0000000084700000|  0%| F|  |TAMS 0x0000000084600000, 0x0000000084600000| Untracked 
|  41|0x0000000084700000, 0x0000000084700000, 0x0000000084800000|  0%| F|  |TAMS 0x0000000084700000, 0x0000000084700000| Untracked 
|  42|0x0000000084800000, 0x0000000084800000, 0x0000000084900000|  0%| F|  |TAMS 0x0000000084800000, 0x0000000084800000| Untracked 
|  43|0x0000000084900000, 0x0000000084900000, 0x0000000084a00000|  0%| F|  |TAMS 0x0000000084900000, 0x0000000084900000| Untracked 
|  44|0x0000000084a00000, 0x0000000084a00000, 0x0000000084b00000|  0%| F|  |TAMS 0x0000000084a00000, 0x0000000084a00000| Untracked 
|  45|0x0000000084b00000, 0x0000000084b00000, 0x0000000084c00000|  0%| F|  |TAMS 0x0000000084b00000, 0x0000000084b00000| Untracked 
|  46|0x0000000084c00000, 0x0000000084c00000, 0x0000000084d00000|  0%| F|  |TAMS 0x0000000084c00000, 0x0000000084c00000| Untracked 
|  47|0x0000000084d00000, 0x0000000084d00000, 0x0000000084e00000|  0%| F|  |TAMS 0x0000000084d00000, 0x0000000084d00000| Untracked 
|  48|0x0000000084e00000, 0x0000000084e00000, 0x0000000084f00000|  0%| F|  |TAMS 0x0000000084e00000, 0x0000000084e00000| Untracked 
|  49|0x0000000084f00000, 0x0000000084f00000, 0x0000000085000000|  0%| F|  |TAMS 0x0000000084f00000, 0x0000000084f00000| Untracked 
|  50|0x0000000085000000, 0x0000000085000000, 0x0000000085100000|  0%| F|  |TAMS 0x0000000085000000, 0x0000000085000000| Untracked 
|  51|0x0000000085100000, 0x0000000085100000, 0x0000000085200000|  0%| F|  |TAMS 0x0000000085100000, 0x0000000085100000| Untracked 
|  52|0x0000000085200000, 0x0000000085200000, 0x0000000085300000|  0%| F|  |TAMS 0x0000000085200000, 0x0000000085200000| Untracked 
|  53|0x0000000085300000, 0x0000000085300000, 0x0000000085400000|  0%| F|  |TAMS 0x0000000085300000, 0x0000000085300000| Untracked 
|  54|0x0000000085400000, 0x0000000085400000, 0x0000000085500000|  0%| F|  |TAMS 0x0000000085400000, 0x0000000085400000| Untracked 
|  55|0x0000000085500000, 0x0000000085500000, 0x0000000085600000|  0%| F|  |TAMS 0x0000000085500000, 0x0000000085500000| Untracked 
|  56|0x0000000085600000, 0x0000000085600000, 0x0000000085700000|  0%| F|  |TAMS 0x0000000085600000, 0x0000000085600000| Untracked 
|  57|0x0000000085700000, 0x0000000085700000, 0x0000000085800000|  0%| F|  |TAMS 0x0000000085700000, 0x0000000085700000| Untracked 
|  58|0x0000000085800000, 0x0000000085800000, 0x0000000085900000|  0%| F|  |TAMS 0x0000000085800000, 0x0000000085800000| Untracked 
|  59|0x0000000085900000, 0x0000000085900000, 0x0000000085a00000|  0%| F|  |TAMS 0x0000000085900000, 0x0000000085900000| Untracked 
|  60|0x0000000085a00000, 0x0000000085a00000, 0x0000000085b00000|  0%| F|  |TAMS 0x0000000085a00000, 0x0000000085a00000| Untracked 
|  61|0x0000000085b00000, 0x0000000085b00000, 0x0000000085c00000|  0%| F|  |TAMS 0x0000000085b00000, 0x0000000085b00000| Untracked 
|  62|0x0000000085c00000, 0x0000000085c00000, 0x0000000085d00000|  0%| F|  |TAMS 0x0000000085c00000, 0x0000000085c00000| Untracked 
|  63|0x0000000085d00000, 0x0000000085d00000, 0x0000000085e00000|  0%| F|  |TAMS 0x0000000085d00000, 0x0000000085d00000| Untracked 
|  64|0x0000000085e00000, 0x0000000085e00000, 0x0000000085f00000|  0%| F|  |TAMS 0x0000000085e00000, 0x0000000085e00000| Untracked 
|  65|0x0000000085f00000, 0x0000000085f00000, 0x0000000086000000|  0%| F|  |TAMS 0x0000000085f00000, 0x0000000085f00000| Untracked 
|  66|0x0000000086000000, 0x0000000086000000, 0x0000000086100000|  0%| F|  |TAMS 0x0000000086000000, 0x0000000086000000| Untracked 
|  67|0x0000000086100000, 0x0000000086100000, 0x0000000086200000|  0%| F|  |TAMS 0x0000000086100000, 0x0000000086100000| Untracked 
|  68|0x0000000086200000, 0x0000000086200000, 0x0000000086300000|  0%| F|  |TAMS 0x0000000086200000, 0x0000000086200000| Untracked 
|  69|0x0000000086300000, 0x0000000086300000, 0x0000000086400000|  0%| F|  |TAMS 0x0000000086300000, 0x0000000086300000| Untracked 
|  70|0x0000000086400000, 0x0000000086400000, 0x0000000086500000|  0%| F|  |TAMS 0x0000000086400000, 0x0000000086400000| Untracked 
|  71|0x0000000086500000, 0x0000000086500000, 0x0000000086600000|  0%| F|  |TAMS 0x0000000086500000, 0x0000000086500000| Untracked 
|  72|0x0000000086600000, 0x0000000086600000, 0x0000000086700000|  0%| F|  |TAMS 0x0000000086600000, 0x0000000086600000| Untracked 
|  73|0x0000000086700000, 0x0000000086700000, 0x0000000086800000|  0%| F|  |TAMS 0x0000000086700000, 0x0000000086700000| Untracked 
|  74|0x0000000086800000, 0x0000000086800000, 0x0000000086900000|  0%| F|  |TAMS 0x0000000086800000, 0x0000000086800000| Untracked 
|  75|0x0000000086900000, 0x0000000086900000, 0x0000000086a00000|  0%| F|  |TAMS 0x0000000086900000, 0x0000000086900000| Untracked 
|  76|0x0000000086a00000, 0x0000000086a00000, 0x0000000086b00000|  0%| F|  |TAMS 0x0000000086a00000, 0x0000000086a00000| Untracked 
|  77|0x0000000086b00000, 0x0000000086b00000, 0x0000000086c00000|  0%| F|  |TAMS 0x0000000086b00000, 0x0000000086b00000| Untracked 
|  78|0x0000000086c00000, 0x0000000086c00000, 0x0000000086d00000|  0%| F|  |TAMS 0x0000000086c00000, 0x0000000086c00000| Untracked 
|  79|0x0000000086d00000, 0x0000000086d00000, 0x0000000086e00000|  0%| F|  |TAMS 0x0000000086d00000, 0x0000000086d00000| Untracked 
|  80|0x0000000086e00000, 0x0000000086e00000, 0x0000000086f00000|  0%| F|  |TAMS 0x0000000086e00000, 0x0000000086e00000| Untracked 
|  81|0x0000000086f00000, 0x0000000086f00000, 0x0000000087000000|  0%| F|  |TAMS 0x0000000086f00000, 0x0000000086f00000| Untracked 
|  82|0x0000000087000000, 0x0000000087000000, 0x0000000087100000|  0%| F|  |TAMS 0x0000000087000000, 0x0000000087000000| Untracked 
|  83|0x0000000087100000, 0x0000000087100000, 0x0000000087200000|  0%| F|  |TAMS 0x0000000087100000, 0x0000000087100000| Untracked 
|  84|0x0000000087200000, 0x0000000087200000, 0x0000000087300000|  0%| F|  |TAMS 0x0000000087200000, 0x0000000087200000| Untracked 
|  85|0x0000000087300000, 0x0000000087300000, 0x0000000087400000|  0%| F|  |TAMS 0x0000000087300000, 0x0000000087300000| Untracked 
|  86|0x0000000087400000, 0x0000000087400000, 0x0000000087500000|  0%| F|  |TAMS 0x0000000087400000, 0x0000000087400000| Untracked 
|  87|0x0000000087500000, 0x0000000087500000, 0x0000000087600000|  0%| F|  |TAMS 0x0000000087500000, 0x0000000087500000| Untracked 
|  88|0x0000000087600000, 0x0000000087600000, 0x0000000087700000|  0%| F|  |TAMS 0x0000000087600000, 0x0000000087600000| Untracked 
|  89|0x0000000087700000, 0x0000000087700000, 0x0000000087800000|  0%| F|  |TAMS 0x0000000087700000, 0x0000000087700000| Untracked 
|  90|0x0000000087800000, 0x0000000087800000, 0x0000000087900000|  0%| F|  |TAMS 0x0000000087800000, 0x0000000087800000| Untracked 
|  91|0x0000000087900000, 0x0000000087900000, 0x0000000087a00000|  0%| F|  |TAMS 0x0000000087900000, 0x0000000087900000| Untracked 
|  92|0x0000000087a00000, 0x0000000087a00000, 0x0000000087b00000|  0%| F|  |TAMS 0x0000000087a00000, 0x0000000087a00000| Untracked 
|  93|0x0000000087b00000, 0x0000000087b00000, 0x0000000087c00000|  0%| F|  |TAMS 0x0000000087b00000, 0x0000000087b00000| Untracked 
|  94|0x0000000087c00000, 0x0000000087c00000, 0x0000000087d00000|  0%| F|  |TAMS 0x0000000087c00000, 0x0000000087c00000| Untracked 
|  95|0x0000000087d00000, 0x0000000087d00000, 0x0000000087e00000|  0%| F|  |TAMS 0x0000000087d00000, 0x0000000087d00000| Untracked 
|  96|0x0000000087e00000, 0x0000000087e00000, 0x0000000087f00000|  0%| F|  |TAMS 0x0000000087e00000, 0x0000000087e00000| Untracked 
|  97|0x0000000087f00000, 0x0000000087f00000, 0x0000000088000000|  0%| F|  |TAMS 0x0000000087f00000, 0x0000000087f00000| Untracked 
|  98|0x0000000088000000, 0x0000000088000000, 0x0000000088100000|  0%| F|  |TAMS 0x0000000088000000, 0x0000000088000000| Untracked 
|  99|0x0000000088100000, 0x0000000088100000, 0x0000000088200000|  0%| F|  |TAMS 0x0000000088100000, 0x0000000088100000| Untracked 
| 100|0x0000000088200000, 0x0000000088200000, 0x0000000088300000|  0%| F|  |TAMS 0x0000000088200000, 0x0000000088200000| Untracked 
| 101|0x0000000088300000, 0x0000000088300000, 0x0000000088400000|  0%| F|  |TAMS 0x0000000088300000, 0x0000000088300000| Untracked 
| 102|0x0000000088400000, 0x0000000088400000, 0x0000000088500000|  0%| F|  |TAMS 0x0000000088400000, 0x0000000088400000| Untracked 
| 103|0x0000000088500000, 0x0000000088500000, 0x0000000088600000|  0%| F|  |TAMS 0x0000000088500000, 0x0000000088500000| Untracked 
| 104|0x0000000088600000, 0x0000000088600000, 0x0000000088700000|  0%| F|  |TAMS 0x0000000088600000, 0x0000000088600000| Untracked 
| 105|0x0000000088700000, 0x0000000088700000, 0x0000000088800000|  0%| F|  |TAMS 0x0000000088700000, 0x0000000088700000| Untracked 
| 106|0x0000000088800000, 0x0000000088800000, 0x0000000088900000|  0%| F|  |TAMS 0x0000000088800000, 0x0000000088800000| Untracked 
| 107|0x0000000088900000, 0x0000000088900000, 0x0000000088a00000|  0%| F|  |TAMS 0x0000000088900000, 0x0000000088900000| Untracked 
| 108|0x0000000088a00000, 0x0000000088a00000, 0x0000000088b00000|  0%| F|  |TAMS 0x0000000088a00000, 0x0000000088a00000| Untracked 
| 109|0x0000000088b00000, 0x0000000088b00000, 0x0000000088c00000|  0%| F|  |TAMS 0x0000000088b00000, 0x0000000088b00000| Untracked 
| 110|0x0000000088c00000, 0x0000000088c56978, 0x0000000088d00000| 33%| S|CS|TAMS 0x0000000088c00000, 0x0000000088c00000| Complete 
| 111|0x0000000088d00000, 0x0000000088e00000, 0x0000000088e00000|100%| S|CS|TAMS 0x0000000088d00000, 0x0000000088d00000| Complete 
| 112|0x0000000088e00000, 0x0000000088e00000, 0x0000000088f00000|  0%| F|  |TAMS 0x0000000088e00000, 0x0000000088e00000| Untracked 
| 113|0x0000000088f00000, 0x0000000088f3dd28, 0x0000000089000000| 24%| E|  |TAMS 0x0000000088f00000, 0x0000000088f00000| Complete 
| 114|0x0000000089000000, 0x0000000089100000, 0x0000000089100000|100%| E|CS|TAMS 0x0000000089000000, 0x0000000089000000| Complete 
| 115|0x0000000089100000, 0x0000000089200000, 0x0000000089200000|100%| E|CS|TAMS 0x0000000089100000, 0x0000000089100000| Complete 
| 116|0x0000000089200000, 0x0000000089300000, 0x0000000089300000|100%| E|CS|TAMS 0x0000000089200000, 0x0000000089200000| Complete 
| 117|0x0000000089300000, 0x0000000089400000, 0x0000000089400000|100%| E|CS|TAMS 0x0000000089300000, 0x0000000089300000| Complete 
| 118|0x0000000089400000, 0x0000000089500000, 0x0000000089500000|100%| E|CS|TAMS 0x0000000089400000, 0x0000000089400000| Complete 
| 119|0x0000000089500000, 0x0000000089600000, 0x0000000089600000|100%| E|CS|TAMS 0x0000000089500000, 0x0000000089500000| Complete 
| 120|0x0000000089600000, 0x0000000089700000, 0x0000000089700000|100%| E|CS|TAMS 0x0000000089600000, 0x0000000089600000| Complete 
| 121|0x0000000089700000, 0x0000000089800000, 0x0000000089800000|100%| E|CS|TAMS 0x0000000089700000, 0x0000000089700000| Complete 
| 122|0x0000000089800000, 0x0000000089900000, 0x0000000089900000|100%| E|CS|TAMS 0x0000000089800000, 0x0000000089800000| Complete 
| 123|0x0000000089900000, 0x0000000089a00000, 0x0000000089a00000|100%| E|CS|TAMS 0x0000000089900000, 0x0000000089900000| Complete 
| 124|0x0000000089a00000, 0x0000000089b00000, 0x0000000089b00000|100%| E|CS|TAMS 0x0000000089a00000, 0x0000000089a00000| Complete 
| 125|0x0000000089b00000, 0x0000000089c00000, 0x0000000089c00000|100%| E|CS|TAMS 0x0000000089b00000, 0x0000000089b00000| Complete 
| 126|0x0000000089c00000, 0x0000000089d00000, 0x0000000089d00000|100%| E|CS|TAMS 0x0000000089c00000, 0x0000000089c00000| Complete 
| 127|0x0000000089d00000, 0x0000000089e00000, 0x0000000089e00000|100%| E|CS|TAMS 0x0000000089d00000, 0x0000000089d00000| Complete 

Card table byte_map: [0x000002606e200000,0x000002606e600000] _byte_map_base: 0x000002606ddf1000

Marking Bits (Prev, Next): (CMBitMap*) 0x00000260566e3c88, (CMBitMap*) 0x00000260566e3cc8
 Prev Bits: [0x000002606ea00000, 0x0000026070988000)
 Next Bits: [0x0000026070990000, 0x0000026072918000)

Polling page: 0x00000260547f0000

Metaspace:

Usage:
  Non-class:     14.45 MB capacity,    14.25 MB ( 99%) used,   168.66 KB (  1%) free+waste,    36.50 KB ( <1%) overhead. 
      Class:      2.05 MB capacity,     1.90 MB ( 92%) used,   138.70 KB (  7%) free+waste,    19.63 KB ( <1%) overhead. 
       Both:     16.50 MB capacity,    16.14 MB ( 98%) used,   307.35 KB (  2%) free+waste,    56.13 KB ( <1%) overhead. 

Virtual space:
  Non-class space:       16.00 MB reserved,      14.50 MB ( 91%) committed 
      Class space:        1.00 GB reserved,       2.13 MB ( <1%) committed 
             Both:        1.02 GB reserved,      16.63 MB (  2%) committed 

Chunk freelists:
   Non-Class:  53.00 KB
       Class:  12.00 KB
        Both:  65.00 KB

MaxMetaspaceSize: 17179869184.00 GB
CompressedClassSpaceSize: 1.00 GB

CodeHeap 'non-profiled nmethods': size=120000Kb used=1710Kb max_used=1710Kb free=118289Kb
 bounds [0x00000260668d0000, 0x0000026066b40000, 0x000002606de00000]
CodeHeap 'profiled nmethods': size=120000Kb used=6518Kb max_used=6518Kb free=113481Kb
 bounds [0x000002605f3a0000, 0x000002605fa00000, 0x00000260668d0000]
CodeHeap 'non-nmethods': size=5760Kb used=1357Kb max_used=1451Kb free=4402Kb
 bounds [0x000002605ee00000, 0x000002605f070000, 0x000002605f3a0000]
 total_blobs=4674 nmethods=3144 adapters=570
 compilation: enabled
              stopped_count=0, restarted_count=0
 full_count=0

Compilation events (20 events):
Event: 9.943 Thread 0x0000026074e4b800 3139       3       java.util.jar.JarFile$1::<init> (10 bytes)
Event: 9.943 Thread 0x0000026074e4b800 nmethod 3139 0x000002605f9f7990 code [0x000002605f9f7b20, 0x000002605f9f7cf8]
Event: 9.943 Thread 0x0000026074e4b800 3140       3       java.lang.ClassLoader::addClass (9 bytes)
Event: 9.943 Thread 0x0000026074e4b800 nmethod 3140 0x000002605f9f7d90 code [0x000002605f9f7f60, 0x000002605f9f8688]
Event: 9.943 Thread 0x0000026074e4b800 3141       3       java.util.jar.JarFile::getEntry (22 bytes)
Event: 9.944 Thread 0x0000026074e4b800 nmethod 3141 0x000002605f9f8990 code [0x000002605f9f8ba0, 0x000002605f9f9328]
Event: 9.944 Thread 0x0000026074e4b800 3142   !   3       jdk.internal.loader.URLClassPath$JarLoader::ensureOpen (36 bytes)
Event: 9.945 Thread 0x0000026074e4b800 nmethod 3142 0x000002605f9f9590 code [0x000002605f9f9800, 0x000002605f9fa098]
Event: 9.945 Thread 0x0000026074e4b800 3144       3       java.io.FilterInputStream::<init> (10 bytes)
Event: 9.945 Thread 0x0000026074e4b800 nmethod 3144 0x000002605f9fa510 code [0x000002605f9fa6c0, 0x000002605f9fa8f8]
Event: 9.945 Thread 0x0000026074e4b800 3143   !   3       jdk.internal.loader.URLClassPath$JarLoader::getResource (65 bytes)
Event: 9.946 Thread 0x0000026074e4b800 nmethod 3143 0x000002605f9faa10 code [0x000002605f9fac60, 0x000002605f9fb708]
Event: 9.946 Thread 0x0000026074e4b800 3145       3       java.security.SecureClassLoader$CodeSourceKey::equals (56 bytes)
Event: 9.946 Thread 0x0000026074e4b800 nmethod 3145 0x000002605f9fba90 code [0x000002605f9fbc80, 0x000002605f9fc2f8]
Event: 9.954 Thread 0x0000026074e4b800 3146       3       java.lang.StringBuilder::append (6 bytes)
Event: 9.954 Thread 0x0000026074e4b800 nmethod 3146 0x000002605f9fc510 code [0x000002605f9fc6c0, 0x000002605f9fc888]
Event: 9.956 Thread 0x0000026074e4b800 3147   !   3       java.util.zip.Inflater::needsInput (55 bytes)
Event: 9.956 Thread 0x0000026074e4b800 nmethod 3147 0x000002605f9fc990 code [0x000002605f9fcb40, 0x000002605f9fcff8]
Event: 9.962 Thread 0x0000026074e4b800 3148       3       java.lang.Module::allows (60 bytes)
Event: 9.963 Thread 0x0000026074e4b800 nmethod 3148 0x000002605f9fd110 code [0x000002605f9fd300, 0x000002605f9fd928]

GC Heap History (4 events):
Event: 0.773 GC heap before
{Heap before GC invocations=0 (full 0):
 garbage-first heap   total 131072K, used 15360K [0x0000000081e00000, 0x0000000100000000)
  region size 1024K, 13 young (13312K), 0 survivors (0K)
 Metaspace       used 10429K, capacity 10744K, committed 10880K, reserved 1058816K
  class space    used 1217K, capacity 1357K, committed 1408K, reserved 1048576K
}
Event: 0.781 GC heap after
{Heap after GC invocations=1 (full 0):
 garbage-first heap   total 131072K, used 5018K [0x0000000081e00000, 0x0000000100000000)
  region size 1024K, 2 young (2048K), 2 survivors (2048K)
 Metaspace       used 10429K, capacity 10744K, committed 10880K, reserved 1058816K
  class space    used 1217K, capacity 1357K, committed 1408K, reserved 1048576K
}
Event: 6.293 GC heap before
{Heap before GC invocations=1 (full 0):
 garbage-first heap   total 131072K, used 22426K [0x0000000081e00000, 0x0000000100000000)
  region size 1024K, 16 young (16384K), 2 survivors (2048K)
 Metaspace       used 15619K, capacity 15988K, committed 16128K, reserved 1062912K
  class space    used 1835K, capacity 1993K, committed 2048K, reserved 1048576K
}
Event: 6.300 GC heap after
{Heap after GC invocations=2 (full 0):
 garbage-first heap   total 131072K, used 9446K [0x0000000081e00000, 0x0000000100000000)
  region size 1024K, 2 young (2048K), 2 survivors (2048K)
 Metaspace       used 15619K, capacity 15988K, committed 16128K, reserved 1062912K
  class space    used 1835K, capacity 1993K, committed 2048K, reserved 1048576K
}

Deoptimization events (20 events):
Event: 9.419 Thread 0x00000260761eb000 DEOPT PACKING pc=0x000002605f979d10 sp=0x000000f445ffeab0
Event: 9.419 Thread 0x00000260761eb000 DEOPT UNPACKING pc=0x000002605ee4964e sp=0x000000f445ffdf88 mode 0
Event: 9.720 Thread 0x00000260761eb000 Uncommon trap: trap_request=0xffffff45 fr.pc=0x0000026066a1c65c relative=0x0000000000007bbc
Event: 9.720 Thread 0x00000260761eb000 Uncommon trap: reason=unstable_if action=reinterpret pc=0x0000026066a1c65c method=javax.swing.text.PlainDocument.insertUpdate(Ljavax/swing/text/AbstractDocument$DefaultDocumentEvent;Ljavax/swing/text/AttributeSet;)V @ 199 c2
Event: 9.720 Thread 0x00000260761eb000 DEOPT PACKING pc=0x0000026066a1c65c sp=0x000000f445ffeb70
Event: 9.720 Thread 0x00000260761eb000 DEOPT UNPACKING pc=0x000002605ee4912f sp=0x000000f445ffebc0 mode 2
Event: 9.732 Thread 0x0000026075f21000 Uncommon trap: trap_request=0xffffff45 fr.pc=0x0000026066949a98 relative=0x0000000000000078
Event: 9.732 Thread 0x0000026075f21000 Uncommon trap: reason=unstable_if action=reinterpret pc=0x0000026066949a98 method=javax.swing.text.View.getContainer()Ljava/awt/Container; @ 6 c2
Event: 9.732 Thread 0x0000026075f21000 DEOPT PACKING pc=0x0000026066949a98 sp=0x000000f4454fd8b0
Event: 9.732 Thread 0x0000026075f21000 DEOPT UNPACKING pc=0x000002605ee4912f sp=0x000000f4454fd848 mode 2
Event: 9.732 Thread 0x0000026075f21000 Uncommon trap: trap_request=0xffffff45 fr.pc=0x00000260669e3be4 relative=0x00000000000007a4
Event: 9.732 Thread 0x0000026075f21000 Uncommon trap: reason=unstable_if action=reinterpret pc=0x00000260669e3be4 method=sun.font.FontDesignMetrics.getMetrics(Ljava/awt/Font;Ljava/awt/font/FontRenderContext;)Lsun/font/FontDesignMetrics; @ 44 c2
Event: 9.732 Thread 0x0000026075f21000 DEOPT PACKING pc=0x00000260669e3be4 sp=0x000000f4454fd4e0
Event: 9.732 Thread 0x0000026075f21000 DEOPT UNPACKING pc=0x000002605ee4912f sp=0x000000f4454fd4a8 mode 2
Event: 9.877 Thread 0x00000260761eb000 DEOPT PACKING pc=0x000002605f9bccc9 sp=0x000000f445ffebe0
Event: 9.877 Thread 0x00000260761eb000 DEOPT UNPACKING pc=0x000002605ee4964e sp=0x000000f445ffe168 mode 0
Event: 9.956 Thread 0x00000260761e8000 Uncommon trap: trap_request=0xffffff45 fr.pc=0x000002606690be9c relative=0x000000000000023c
Event: 9.956 Thread 0x00000260761e8000 Uncommon trap: reason=unstable_if action=reinterpret pc=0x000002606690be9c method=java.lang.String.startsWith(Ljava/lang/String;I)Z @ 14 c2
Event: 9.956 Thread 0x00000260761e8000 DEOPT PACKING pc=0x000002606690be9c sp=0x000000f4455fea00
Event: 9.956 Thread 0x00000260761e8000 DEOPT UNPACKING pc=0x000002605ee4912f sp=0x000000f4455fe978 mode 2

Classes unloaded (0 events):
No events

Classes redefined (0 events):
No events

Internal exceptions (18 events):
Event: 0.141 Thread 0x00000260566a0000 Exception <a 'java/lang/ClassNotFoundException'{0x0000000089cfbba0}: sun/awt/resources/spi/awtProvider> (0x0000000089cfbba0) 
thrown [t:/workspace/open/src/hotspot/share/classfile/systemDictionary.cpp, line 226]
Event: 0.164 Thread 0x00000260566a0000 Exception <a 'java/io/FileNotFoundException'{0x0000000089b47ed0}> (0x0000000089b47ed0) 
thrown [t:/workspace/open/src/hotspot/share/prims/jni.cpp, line 599]
Event: 0.174 Thread 0x00000260566a0000 Exception <a 'java/io/FileNotFoundException'{0x0000000089b6e238}> (0x0000000089b6e238) 
thrown [t:/workspace/open/src/hotspot/share/prims/jni.cpp, line 599]
Event: 0.225 Thread 0x0000026075db6800 Exception <a 'java/lang/NoSuchMethodError'{0x0000000089a05180}: 'void java.lang.invoke.DirectMethodHandle$Holder.invokeSpecial(java.lang.Object, java.lang.Object)'> (0x0000000089a05180) 
thrown [t:/workspace/open/src/hotspot/share/interpreter/linkResolver.cpp, line 766]
Event: 0.247 Thread 0x00000260566a0000 Exception <a 'java/lang/NoSuchMethodError'{0x0000000089a5d048}: 'java.lang.Object java.lang.invoke.DirectMethodHandle$Holder.invokeStatic(java.lang.Object, int, java.lang.Object, java.lang.Object, java.lang.Object, java.lang.Object)'> (0x0000000089a5d048) 
thrown [t:/workspace/open/src/hotspot/share/interpreter/linkResolver.cpp, line 766]
Event: 0.248 Thread 0x00000260566a0000 Exception <a 'java/lang/NoSuchMethodError'{0x0000000089a63968}: 'java.lang.Object java.lang.invoke.DirectMethodHandle$Holder.invokeStatic(java.lang.Object, int, java.lang.Object, java.lang.Object, java.lang.Object)'> (0x0000000089a63968) 
thrown [t:/workspace/open/src/hotspot/share/interpreter/linkResolver.cpp, line 766]
Event: 0.248 Thread 0x00000260566a0000 Exception <a 'java/lang/NoSuchMethodError'{0x0000000089a671b8}: 'java.lang.Object java.lang.invoke.DirectMethodHandle$Holder.invokeSpecial(java.lang.Object, java.lang.Object, int, java.lang.Object, java.lang.Object, java.lang.Object)'> (0x0000000089a671b8) 
thrown [t:/workspace/open/src/hotspot/share/interpreter/linkResolver.cpp, line 766]
Event: 0.251 Thread 0x00000260566a0000 Exception <a 'java/lang/NoSuchMethodError'{0x0000000089a7d560}: 'java.lang.Object java.lang.invoke.DirectMethodHandle$Holder.invokeStatic(java.lang.Object, int, java.lang.Object)'> (0x0000000089a7d560) 
thrown [t:/workspace/open/src/hotspot/share/interpreter/linkResolver.cpp, line 766]
Event: 0.278 Thread 0x00000260566a0000 Exception <a 'java/lang/ClassNotFoundException'{0x0000000089923be0}: com/sun/swing/internal/plaf/metal/resources/spi/metalProvider> (0x0000000089923be0) 
thrown [t:/workspace/open/src/hotspot/share/classfile/systemDictionary.cpp, line 226]
Event: 0.279 Thread 0x00000260566a0000 Exception <a 'java/lang/ClassNotFoundException'{0x0000000089927a60}: com/sun/swing/internal/plaf/basic/resources/spi/basicProvider> (0x0000000089927a60) 
thrown [t:/workspace/open/src/hotspot/share/classfile/systemDictionary.cpp, line 226]
Event: 0.582 Thread 0x00000260566a0000 Exception <a 'java/lang/NoSuchMethodError'{0x00000000893cffd0}: 'java.lang.Object java.lang.invoke.DirectMethodHandle$Holder.invokeStatic(java.lang.Object, java.lang.Object, java.lang.Object, java.lang.Object, java.lang.Object, java.lang.Object, java.lang.Object, java.lang.Object, java.lang.Object, java.lang.Object, java.lang.Object, java.lang.Object, java.lang.Object, java.lang.Object, java.lang.Object)'> (0x00000000893cffd0) 
thrown [t:/workspace/open/src/hotspot/share/interpreter/linkResolver.cpp, line 
Event: 0.584 Thread 0x00000260566a0000 Exception <a 'java/lang/NoSuchMethodError'{0x00000000893dc718}: 'java.lang.Object java.lang.invoke.DirectMethodHandle$Holder.invokeStatic(java.lang.Object, java.lang.Object, java.lang.Object, java.lang.Object, java.lang.Object, java.lang.Object, java.lang.Object, java.lang.Object, java.lang.Object, java.lang.Object, java.lang.Object, java.lang.Object, java.lang.Object, java.lang.Object, java.lang.Object, java.lang.Object)'> (0x00000000893dc718) 
thrown [t:/workspace/open/src/hotspot/share/interpreter/linkR
Event: 0.585 Thread 0x00000260566a0000 Exception <a 'java/lang/NoSuchMethodError'{0x00000000893e96b8}: 'java.lang.Object java.lang.invoke.Invokers$Holder.linkToTargetMethod(java.lang.Object, java.lang.Object, java.lang.Object, java.lang.Object, java.lang.Object, java.lang.Object)'> (0x00000000893e96b8) 
thrown [t:/workspace/open/src/hotspot/share/interpreter/linkResolver.cpp, line 766]
Event: 0.705 Thread 0x0000026075ec7800 Implicit null exception at 0x0000026066906c0a to 0x0000026066906d50
Event: 1.167 Thread 0x00000260566a0000 Exception <a 'java/lang/NoSuchMethodError'{0x0000000089b3c970}: 'void java.lang.invoke.DirectMethodHandle$Holder.invokeStaticInit(java.lang.Object)'> (0x0000000089b3c970) 
thrown [t:/workspace/open/src/hotspot/share/interpreter/linkResolver.cpp, line 766]
Event: 1.174 Thread 0x00000260566a0000 Exception <a 'java/lang/NoSuchMethodError'{0x0000000089b88910}: 'java.lang.Object java.lang.invoke.Invokers$Holder.linkToTargetMethod(java.lang.Object, int, java.lang.Object)'> (0x0000000089b88910) 
thrown [t:/workspace/open/src/hotspot/share/interpreter/linkResolver.cpp, line 766]
Event: 8.629 Thread 0x0000026075f21000 Implicit null exception at 0x000002606697f3c5 to 0x000002606697f6c4
Event: 9.969 Thread 0x00000260761e8000 Exception <a 'java/lang/NoSuchMethodError'{0x00000000890fe0c8}: getSrcReg> (0x00000000890fe0c8) 
thrown [t:/workspace/open/src/hotspot/share/prims/jni.cpp, line 1315]

Events (20 events):
Event: 9.910 Executing VM operation: HandshakeOneThread
Event: 9.911 Executing VM operation: HandshakeOneThread done
Event: 9.923 Executing VM operation: HandshakeOneThread
Event: 9.923 Executing VM operation: HandshakeOneThread done
Event: 9.923 Executing VM operation: HandshakeOneThread
Event: 9.923 Executing VM operation: HandshakeOneThread done
Event: 9.923 Executing VM operation: HandshakeOneThread
Event: 9.923 Executing VM operation: HandshakeOneThread done
Event: 9.923 Executing VM operation: HandshakeOneThread
Event: 9.923 Executing VM operation: HandshakeOneThread done
Event: 9.923 Executing VM operation: HandshakeOneThread
Event: 9.923 Executing VM operation: HandshakeOneThread done
Event: 9.923 Executing VM operation: HandshakeOneThread
Event: 9.923 Executing VM operation: HandshakeOneThread done
Event: 9.923 Executing VM operation: HandshakeOneThread
Event: 9.923 Executing VM operation: HandshakeOneThread done
Event: 9.923 Executing VM operation: HandshakeOneThread
Event: 9.923 Executing VM operation: HandshakeOneThread done
Event: 9.923 Executing VM operation: BulkRevokeBias
Event: 9.924 Executing VM operation: BulkRevokeBias done


Dynamic libraries:
0x00007ff719180000 - 0x00007ff71918f000 	C:\Program Files\Java\jdk-14\bin\java.exe
0x00007ffc547e0000 - 0x00007ffc549d0000 	C:\Windows\SYSTEM32\ntdll.dll
0x00007ffc52ff0000 - 0x00007ffc530a2000 	C:\Windows\System32\KERNEL32.DLL
0x00007ffc51ab0000 - 0x00007ffc51d54000 	C:\Windows\System32\KERNELBASE.dll
0x00007ffc51f80000 - 0x00007ffc5207a000 	C:\Windows\System32\ucrtbase.dll
0x00007ffc3d960000 - 0x00007ffc3d975000 	C:\Program Files\Java\jdk-14\bin\VCRUNTIME140.dll
0x00007ffc3d780000 - 0x00007ffc3d798000 	C:\Program Files\Java\jdk-14\bin\jli.dll
0x00007ffc53cf0000 - 0x00007ffc53d93000 	C:\Windows\System32\ADVAPI32.dll
0x00007ffc528f0000 - 0x00007ffc5298e000 	C:\Windows\System32\msvcrt.dll
0x00007ffc530b0000 - 0x00007ffc53147000 	C:\Windows\System32\sechost.dll
0x00007ffc543b0000 - 0x00007ffc544d0000 	C:\Windows\System32\RPCRT4.dll
0x00007ffc53da0000 - 0x00007ffc53f34000 	C:\Windows\System32\USER32.dll
0x00007ffc51760000 - 0x00007ffc51781000 	C:\Windows\System32\win32u.dll
0x00007ffc44190000 - 0x00007ffc44414000 	C:\Windows\WinSxS\amd64_microsoft.windows.common-controls_6595b64144ccf1df_6.0.18362.959_none_e6c7bbbf130c62bb\COMCTL32.dll
0x00007ffc53150000 - 0x00007ffc53176000 	C:\Windows\System32\GDI32.dll
0x00007ffc51790000 - 0x00007ffc51926000 	C:\Windows\System32\gdi32full.dll
0x00007ffc52c40000 - 0x00007ffc52f75000 	C:\Windows\System32\combase.dll
0x00007ffc51ee0000 - 0x00007ffc51f7e000 	C:\Windows\System32\msvcp_win.dll
0x00007ffc51a30000 - 0x00007ffc51ab0000 	C:\Windows\System32\bcryptPrimitives.dll
0x00007ffc457c0000 - 0x00007ffc457ca000 	C:\Windows\SYSTEM32\VERSION.dll
0x00007ffc53230000 - 0x00007ffc5325e000 	C:\Windows\System32\IMM32.DLL
0x00007ffc12360000 - 0x00007ffc123fb000 	C:\Program Files\Java\jdk-14\bin\msvcp140.dll
0x00007ffc02410000 - 0x00007ffc02f2f000 	C:\Program Files\Java\jdk-14\bin\server\jvm.dll
0x00007ffc544d0000 - 0x00007ffc544d8000 	C:\Windows\System32\PSAPI.DLL
0x00007ffc48500000 - 0x00007ffc48509000 	C:\Windows\SYSTEM32\WSOCK32.dll
0x00007ffc4e340000 - 0x00007ffc4e364000 	C:\Windows\SYSTEM32\WINMM.dll
0x00007ffc53b30000 - 0x00007ffc53b9f000 	C:\Windows\System32\WS2_32.dll
0x00007ffc4e310000 - 0x00007ffc4e33d000 	C:\Windows\SYSTEM32\WINMMBASE.dll
0x00007ffc519e0000 - 0x00007ffc51a2a000 	C:\Windows\System32\cfgmgr32.dll
0x00007ffc51720000 - 0x00007ffc51731000 	C:\Windows\System32\kernel.appcore.dll
0x00007ffc436e0000 - 0x00007ffc436ea000 	C:\Program Files\Java\jdk-14\bin\jimage.dll
0x00007ffc3bcf0000 - 0x00007ffc3bee4000 	C:\Windows\SYSTEM32\DBGHELP.DLL
0x00007ffc3bc90000 - 0x00007ffc3bcba000 	C:\Windows\SYSTEM32\dbgcore.DLL
0x00007ffc396d0000 - 0x00007ffc396f5000 	C:\Program Files\Java\jdk-14\bin\java.dll
0x00007ffc396b0000 - 0x00007ffc396c7000 	C:\Program Files\Java\jdk-14\bin\zip.dll
0x00007ffc53420000 - 0x00007ffc53b06000 	C:\Windows\System32\SHELL32.dll
0x00007ffc544e0000 - 0x00007ffc54589000 	C:\Windows\System32\shcore.dll
0x00007ffc52100000 - 0x00007ffc52882000 	C:\Windows\System32\windows.storage.dll
0x00007ffc516a0000 - 0x00007ffc516c3000 	C:\Windows\System32\profapi.dll
0x00007ffc516d0000 - 0x00007ffc5171a000 	C:\Windows\System32\powrprof.dll
0x00007ffc51690000 - 0x00007ffc516a0000 	C:\Windows\System32\UMPDC.dll
0x00007ffc53260000 - 0x00007ffc532b2000 	C:\Windows\System32\shlwapi.dll
0x00007ffc520e0000 - 0x00007ffc520f7000 	C:\Windows\System32\cryptsp.dll
0x00007ffc39660000 - 0x00007ffc39679000 	C:\Program Files\Java\jdk-14\bin\net.dll
0x00007ffc43c40000 - 0x00007ffc43d30000 	C:\Windows\SYSTEM32\WINHTTP.dll
0x00007ffc50ea0000 - 0x00007ffc50f07000 	C:\Windows\system32\mswsock.dll
0x00007ffc2ac60000 - 0x00007ffc2ac72000 	C:\Program Files\Java\jdk-14\bin\nio.dll
0x000000006e900000 - 0x000000006e916000 	C:\Program Files\Java\jdk-14\bin\sic_jit_pkg.dll
0x0000000069f80000 - 0x0000000069f97000 	C:\Program Files\Java\jdk-14\bin\libasmtk.dll
0x0000000065d40000 - 0x0000000065da1000 	C:\Program Files\Java\jdk-14\bin\libasmjit.dll
0x0000000061440000 - 0x000000006145a000 	C:\Program Files\mingw-w64\x86_64-8.1.0-posix-seh-rt_v6-rev0\mingw64\bin\libgcc_s_seh-1.dll
0x000000006fc40000 - 0x000000006fda3000 	C:\Program Files\mingw-w64\x86_64-8.1.0-posix-seh-rt_v6-rev0\mingw64\bin\libstdc++-6.dll
0x0000000064940000 - 0x0000000064955000 	C:\Program Files\mingw-w64\x86_64-8.1.0-posix-seh-rt_v6-rev0\mingw64\bin\libwinpthread-1.dll
0x00007ffc2a5b0000 - 0x00007ffc2a748000 	C:\Program Files\Java\jdk-14\bin\awt.dll
0x00007ffc546d0000 - 0x00007ffc54795000 	C:\Windows\System32\OLEAUT32.dll
0x00007ffc4f900000 - 0x00007ffc4f98f000 	C:\Windows\SYSTEM32\apphelp.dll
0x00007ffc4fa00000 - 0x00007ffc4fa99000 	C:\Windows\system32\uxtheme.dll
0x00007ffc54590000 - 0x00007ffc546c5000 	C:\Windows\System32\MSCTF.dll
0x00007ffc532c0000 - 0x00007ffc53417000 	C:\Windows\System32\ole32.dll
0x00007ffc4fe30000 - 0x00007ffc4fe5d000 	C:\Windows\system32\DWMAPI.DLL
0x00007ffc2a520000 - 0x00007ffc2a5a2000 	C:\Program Files\Java\jdk-14\bin\freetype.dll
0x00007ffc2a470000 - 0x00007ffc2a516000 	C:\Program Files\Java\jdk-14\bin\fontmanager.dll
0x00007ffc3f120000 - 0x00007ffc3f276000 	C:\Windows\system32\opengl32.dll
0x00007ffc3f0b0000 - 0x00007ffc3f0dc000 	C:\Windows\SYSTEM32\GLU32.dll
0x00007ffc50300000 - 0x00007ffc50320000 	C:\Windows\SYSTEM32\dxcore.dll
0x00007ffc3d8b0000 - 0x00007ffc3d959000 	C:\Windows\WinSxS\amd64_microsoft.windows.common-controls_6595b64144ccf1df_5.82.18362.959_none_2a27bd024669d2fe\comctl32.dll
0x00007ffc53180000 - 0x00007ffc53222000 	C:\Windows\System32\clbcatq.dll
0x00007ffc4e040000 - 0x00007ffc4e130000 	C:\Windows\SYSTEM32\PROPSYS.dll
0x00007ffc2b0b0000 - 0x00007ffc2b0c6000 	C:\Windows\system32\NetworkExplorer.dll
0x00007ffc43ef0000 - 0x00007ffc43f0b000 	C:\Windows\SYSTEM32\MPR.dll
0x00007ffc4deb0000 - 0x00007ffc4decb000 	C:\Windows\System32\p9np.dll
0x00007ffc42b80000 - 0x00007ffc42b8b000 	C:\Windows\System32\drprov.dll
0x00007ffc50f10000 - 0x00007ffc50f66000 	C:\Windows\System32\WINSTA.dll
0x00007ffc42b60000 - 0x00007ffc42b75000 	C:\Windows\System32\ntlanman.dll
0x00007ffc3ef10000 - 0x00007ffc3ef2d000 	C:\Windows\System32\davclnt.dll
0x00007ffc42b50000 - 0x00007ffc42b5c000 	C:\Windows\System32\DAVHLPR.dll
0x00007ffc4cee0000 - 0x00007ffc4cef7000 	C:\Windows\System32\wkscli.dll
0x00007ffc51d60000 - 0x00007ffc51d86000 	C:\Windows\System32\bcrypt.dll
0x00007ffc3a040000 - 0x00007ffc3a052000 	C:\Windows\SYSTEM32\cscapi.dll
0x00007ffc50cc0000 - 0x00007ffc50ccc000 	C:\Windows\System32\netutils.dll
0x00007ffc258f0000 - 0x00007ffc25943000 	C:\Windows\System32\dlnashext.dll
0x00007ffc3b440000 - 0x00007ffc3b4a4000 	C:\Windows\System32\PlayToDevice.dll
0x00007ffc429b0000 - 0x00007ffc429d0000 	C:\Windows\System32\DevDispItemProvider.dll
0x00007ffc4a660000 - 0x00007ffc4a6d2000 	C:\Windows\System32\MMDevApi.dll
0x00007ffc51490000 - 0x00007ffc514ba000 	C:\Windows\System32\DEVOBJ.dll
0x00007ffc2a3d0000 - 0x00007ffc2a46b000 	C:\Windows\system32\wpdshext.dll
0x00007ffc43f10000 - 0x00007ffc440b3000 	C:\Windows\WinSxS\amd64_microsoft.windows.gdiplus_6595b64144ccf1df_1.1.18362.959_none_17b2aea46d9edc89\gdiplus.dll
0x00007ffc4cb10000 - 0x00007ffc4cbae000 	C:\Windows\System32\PortableDeviceApi.dll
0x00007ffc53f40000 - 0x00007ffc543b0000 	C:\Windows\System32\SETUPAPI.dll
0x00007ffc52080000 - 0x00007ffc520dc000 	C:\Windows\System32\WINTRUST.dll
0x00007ffc51740000 - 0x00007ffc51752000 	C:\Windows\System32\MSASN1.dll
0x00007ffc51d90000 - 0x00007ffc51ed9000 	C:\Windows\System32\CRYPT32.dll
0x00007ffc39890000 - 0x00007ffc398c7000 	C:\Windows\System32\EhStorShell.dll
0x00007ffc42320000 - 0x00007ffc42345000 	C:\Windows\System32\EhStorAPI.dll
0x00007ffc4e160000 - 0x00007ffc4e173000 	C:\Windows\System32\WTSAPI32.dll
0x00007ffc37d70000 - 0x00007ffc37d7d000 	C:\Windows\SYSTEM32\LINKINFO.dll
0x00007ffc4cca0000 - 0x00007ffc4ce4f000 	C:\Windows\SYSTEM32\WindowsCodecs.dll
0x00007ffc39ec0000 - 0x00007ffc39efa000 	C:\Windows\system32\dataexchange.dll
0x00007ffc4f0d0000 - 0x00007ffc4f2ad000 	C:\Windows\system32\dcomp.dll
0x00007ffc4ea10000 - 0x00007ffc4ec6b000 	C:\Windows\system32\d3d11.dll
0x00007ffc50390000 - 0x00007ffc5047b000 	C:\Windows\system32\dxgi.dll
0x00007ffc4fad0000 - 0x00007ffc4fd32000 	C:\Windows\system32\twinapi.appcore.dll
0x00007ffc4ff40000 - 0x00007ffc4ff69000 	C:\Windows\system32\RMCLIENT.dll
0x00007ffc49730000 - 0x00007ffc497ce000 	C:\Windows\System32\TextInputFramework.dll
0x00007ffc4f2e0000 - 0x00007ffc4f3b4000 	C:\Windows\System32\CoreMessaging.dll
0x00007ffc4d560000 - 0x00007ffc4d88a000 	C:\Windows\System32\CoreUIComponents.dll
0x00007ffc506f0000 - 0x00007ffc50721000 	C:\Windows\SYSTEM32\ntmarta.dll
0x00007ffc4d320000 - 0x00007ffc4d473000 	C:\Windows\SYSTEM32\wintypes.dll
0x00007ffc466f0000 - 0x00007ffc46996000 	C:\Windows\System32\iertutil.dll

dbghelp: loaded successfully - version: 4.0.5 - missing functions: none
symbol engine: initialized successfully - sym options: 0x614 - pdb path: .;C:\Program Files\Java\jdk-14\bin;C:\Windows\SYSTEM32;C:\Windows\WinSxS\amd64_microsoft.windows.common-controls_6595b64144ccf1df_6.0.18362.959_none_e6c7bbbf130c62bb;C:\Program Files\Java\jdk-14\bin\server;C:\Program Files\mingw-w64\x86_64-8.1.0-posix-seh-rt_v6-rev0\mingw64\bin;C:\Windows\WinSxS\amd64_microsoft.windows.common-controls_6595b64144ccf1df_5.82.18362.959_none_2a27bd024669d2fe;C:\Windows\WinSxS\amd64_microsoft.windows.gdiplus_6595b64144ccf1df_1.1.18362.959_none_17b2aea46d9edc89

VM Arguments:
java_command: out/make/sictools.jar
java_class_path (initial): out/make/sictools.jar
Launcher Type: SUN_STANDARD

[Global flags]
     intx CICompilerCount                          = 3                                         {product} {ergonomic}
     uint ConcGCThreads                            = 1                                         {product} {ergonomic}
     uint G1ConcRefinementThreads                  = 4                                         {product} {ergonomic}
   size_t G1HeapRegionSize                         = 1048576                                   {product} {ergonomic}
    uintx GCDrainStackTargetSize                   = 64                                        {product} {ergonomic}
   size_t InitialHeapSize                          = 134217728                                 {product} {ergonomic}
   size_t MarkStackSize                            = 4194304                                   {product} {ergonomic}
   size_t MaxHeapSize                              = 2116026368                                {product} {ergonomic}
   size_t MaxNewSize                               = 1268776960                                {product} {ergonomic}
   size_t MinHeapDeltaBytes                        = 1048576                                   {product} {ergonomic}
   size_t MinHeapSize                              = 8388608                                   {product} {ergonomic}
    uintx NonNMethodCodeHeapSize                   = 5832780                                {pd product} {ergonomic}
    uintx NonProfiledCodeHeapSize                  = 122912730                              {pd product} {ergonomic}
    uintx ProfiledCodeHeapSize                     = 122912730                              {pd product} {ergonomic}
    uintx ReservedCodeCacheSize                    = 251658240                              {pd product} {ergonomic}
     bool SegmentedCodeCache                       = true                                      {product} {ergonomic}
   size_t SoftMaxHeapSize                          = 2116026368                             {manageable} {ergonomic}
     bool UseCompressedClassPointers               = true                                 {lp64_product} {ergonomic}
     bool UseCompressedOops                        = true                                 {lp64_product} {ergonomic}
     bool UseG1GC                                  = true                                      {product} {ergonomic}
     bool UseLargePagesIndividualAllocation        = false                                  {pd product} {ergonomic}

Logging:
Log output configuration:
 #0: stdout all=warning uptime,level,tags
 #1: stderr all=off uptime,level,tags

Environment Variables:
PATH="C:\Windows\system32;C:\Windows;C:\Windows\System32\Wbem;C:\Windows\System32\WindowsPowerShell\v1.0\";C:\Program Files\Java\jdk-14\bin;C:\Program Files\Adb\platform-tools;C:\Program Files\mingw-w64\x86_64-8.1.0-posix-seh-rt_v6-rev0\mingw64\bin;C:\Windows\System32;C:\Program Files\CMake\bin;C:\Users\Uporabnik\AppData\Local\Programs\Microsoft VS Code\bin;C:\MinGW\bin
USERNAME=Uporabnik
OS=Windows_NT
PROCESSOR_IDENTIFIER=Intel64 Family 6 Model 61 Stepping 4, GenuineIntel



---------------  S Y S T E M  ---------------

OS: Windows 10 , 64 bit Build 18362 (10.0.18362.959)
OS uptime: 2 days 8:21 hours

CPU:total 4 (initial active 4) (2 cores per cpu, 2 threads per core) family 6 model 61 stepping 4, cmov, cx8, fxsr, mmx, sse, sse2, sse3, ssse3, sse4.1, sse4.2, popcnt, avx, avx2, aes, clmul, erms, rtm, 3dnowpref, lzcnt, ht, tsc, tscinvbit, bmi1, bmi2, adx, fma

Memory: 4k page, system-wide physical 8067M (2749M free)
TotalPageFile size 12419M (AvailPageFile size 5343M)
current process WorkingSet (physical memory assigned to process): 181M, peak: 192M
current process commit charge ("private bytes"): 315M, peak: 327M

vm_info: Java HotSpot(TM) 64-Bit Server VM (14+36-1461) for windows-amd64 JRE (14+36-1461), built on Feb  6 2020 19:08:04 by "mach5one" with MS VC++ 15.9 (VS2017)

END.
