#
# A fatal error has been detected by the Java Runtime Environment:
#
#  EXCEPTION_ACCESS_VIOLATION (0xc0000005) at pc=0x00007ffc0241cf10, pid=15936, tid=19112
#
# JRE version: Java(TM) SE Runtime Environment (14.0+36) (build 14+36-1461)
# Java VM: Java HotSpot(TM) 64-Bit Server VM (14+36-1461, mixed mode, sharing, tiered, compressed oops, g1 gc, windows-amd64)
# Problematic frame:
# V  [jvm.dll+0xcf10]
#
# No core dump will be written. Minidumps are not enabled by default on client versions of Windows
#
# If you would like to submit a bug report, please visit:
#   https://bugreport.java.com/bugreport/crash.jsp
#

---------------  S U M M A R Y ------------

Command Line: out/make/sictools.jar

Host: Intel(R) Core(TM) i5-5300U CPU @ 2.30GHz, 4 cores, 7G,  Windows 10 , 64 bit Build 18362 (10.0.18362.959)
Time: Tue Jul 28 07:58:19 2020 Central Europe Summer Time elapsed time: 12 seconds (0d 0h 0m 12s)

---------------  T H R E A D  ---------------

Current thread (0x000001917cf25000):  JavaThread "Timer-1" [_thread_in_vm, id=19112, stack(0x0000003092900000,0x0000003092a00000)]

Stack: [0x0000003092900000,0x0000003092a00000],  sp=0x00000030929fe7e8,  free space=1017k
Native frames: (J=compiled Java code, j=interpreted, Vv=VM code, C=native code)
V  [jvm.dll+0xcf10]

Java frames: (J=compiled Java code, j=interpreted, Vv=VM code)
j  sic.sim.addons.jit.JustInTime.executeAsm(Ljava/lang/String;)V+0
j  sic.sim.addons.jit.JustInTime.addFreq(I)V+377
j  sic.sim.Executor.timerTickUntil(Ljava/util/function/Predicate;)V+26
j  sic.sim.Executor$1.run()V+8
j  java.util.TimerThread.mainLoop()V+221 java.base@14
j  java.util.TimerThread.run()V+1 java.base@14
v  ~StubRoutines::call_stub

siginfo: EXCEPTION_ACCESS_VIOLATION (0xc0000005), reading address 0x0000000000000004


Register to memory mapping:

RIP=0x00007ffc0241cf10 jvm.dll
RAX=0x0 is NULL
RBX=0x000001917cf25000 is a thread
RCX=0x0000000000000004 is an unknown value
RDX=0x0000000000000004 is an unknown value
RSP=0x00000030929fe7e8 is pointing into the stack for thread: 0x000001917cf25000
RBP=0x0000000000000004 is an unknown value
RSI=0x0 is NULL
RDI=0x000001917cf25000 is a thread
R8 =0x0 is NULL
R9 =0x0000000000000001 is an unknown value
R10=0x000001917cc5c8e0 points into unknown readable memory: 00 00 00 00 00 00 00 00
R11=0x00000030929fe860 is pointing into the stack for thread: 0x000001917cf25000
R12=0x0 is NULL
R13={method} {0x000001917b8ffc20} 'executeAsm' '(Ljava/lang/String;)V' in 'sic/sim/addons/jit/JustInTime'
R14=0x00000030929fec00 is pointing into the stack for thread: 0x000001917cf25000
R15=0x0 is NULL


Registers:
RAX=0x0000000000000000, RBX=0x000001917cf25000, RCX=0x0000000000000004, RDX=0x0000000000000004
RSP=0x00000030929fe7e8, RBP=0x0000000000000004, RSI=0x0000000000000000, RDI=0x000001917cf25000
R8 =0x0000000000000000, R9 =0x0000000000000001, R10=0x000001917cc5c8e0, R11=0x00000030929fe860
R12=0x0000000000000000, R13=0x000001917b8ffc18, R14=0x00000030929fec00, R15=0x0000000000000000
RIP=0x00007ffc0241cf10, EFLAGS=0x0000000000010246

Top of Stack: (sp=0x00000030929fe7e8)
0x00000030929fe7e8:   00007ffc0279d2ed 000001917cc5c760
0x00000030929fe7f8:   000001917cf25000 00000030929fe870
0x00000030929fe808:   0000000000000eb0 000001917cf25000
0x00000030929fe818:   0000000000000000 000001916bce96b0
0x00000030929fe828:   00007ffc0274684f 0000000000000000
0x00000030929fe838:   0000000000000000 0000000000000000
0x00000030929fe848:   0000000000000000 0000019100000000
0x00000030929fe858:   000001917cf25000 000001917cf25000
0x00000030929fe868:   00000030929fec30 000001910000a1b3
0x00000030929fe878:   000000006e903ad3 000001917b8ffc18
0x00000030929fe888:   00000030929fe8a0 0000000000000eb0
0x00000030929fe898:   0000019100000009 00000030929fe930
0x00000030929fe8a8:   000000006e901a82 000001917cf25310
0x00000030929fe8b8:   0000000000000004 0000000000000000
0x00000030929fe8c8:   000001917c010100 00000030929fe9a0
0x00000030929fe8d8:   00000030929fe888 00000030929fe8c9 

Instructions: (pc=0x00007ffc0241cf10)
0x00007ffc0241ce10:   f4 b1 9a 00 48 83 c4 20 5b 48 ff e0 48 8d 05 ed
0x00007ffc0241ce20:   00 00 00 48 8b cb 48 89 05 db b1 9a 00 48 83 c4
0x00007ffc0241ce30:   20 5b 48 ff e0 48 8d 05 d4 00 00 00 48 8b cb 48
0x00007ffc0241ce40:   89 05 c2 b1 9a 00 48 83 c4 20 5b 48 ff e0 48 8b
0x00007ffc0241ce50:   0d 3b cd a0 00 8b 51 10 83 ea 01 0f 84 8b 00 00
0x00007ffc0241ce60:   00 83 ea 01 74 6d 83 ea 01 74 4f 83 fa 01 74 31
0x00007ffc0241ce70:   4c 8d 05 81 ad 78 00 ba e8 00 00 00 48 8d 0d ad
0x00007ffc0241ce80:   ad 78 00 e8 28 01 20 00 e8 b3 b0 5e 00 33 c0 48
0x00007ffc0241ce90:   8b cb 48 89 05 6f b1 9a 00 48 83 c4 20 5b 48 ff
0x00007ffc0241cea0:   e0 48 8d 05 78 00 00 00 48 8b cb 48 89 05 56 b1
0x00007ffc0241ceb0:   9a 00 48 83 c4 20 5b 48 ff e0 48 8d 05 4f 00 00
0x00007ffc0241cec0:   00 48 8b cb 48 89 05 3d b1 9a 00 48 83 c4 20 5b
0x00007ffc0241ced0:   48 ff e0 48 8d 05 36 00 00 00 48 8b cb 48 89 05
0x00007ffc0241cee0:   24 b1 9a 00 48 83 c4 20 5b 48 ff e0 48 8d 05 1d
0x00007ffc0241cef0:   00 00 00 48 8b cb 48 89 05 0b b1 9a 00 48 83 c4
0x00007ffc0241cf00:   20 5b 48 ff e0 cc cc cc cc cc cc cc cc cc cc cc
0x00007ffc0241cf10:   48 8b 01 c3 cc cc cc cc cc cc cc cc cc cc cc cc
0x00007ffc0241cf20:   48 8b 11 e9 48 fd ff ff cc cc cc cc cc cc cc cc
0x00007ffc0241cf30:   8b 44 24 30 45 03 c9 44 2b 4c 24 28 83 c0 0b 44
0x00007ffc0241cf40:   03 ca 45 03 c8 41 03 c1 c3 cc cc cc cc cc cc cc
0x00007ffc0241cf50:   48 8b 41 08 0f b7 48 32 0f b7 40 30 83 c0 48 03
0x00007ffc0241cf60:   c1 c3 cc cc cc cc cc cc cc cc cc cc cc cc cc cc
0x00007ffc0241cf70:   48 89 5c 24 18 56 48 83 ec 20 48 85 15 87 ff a7
0x00007ffc0241cf80:   00 48 8b da 48 8b f1 75 25 48 8b 05 88 ff a7 00
0x00007ffc0241cf90:   33 c9 48 23 c2 48 0b 05 5c ff a7 00 48 85 d2 48
0x00007ffc0241cfa0:   0f 44 c1 48 8b 5c 24 40 48 83 c4 20 5e c3 48 8b
0x00007ffc0241cfb0:   cb 48 89 6c 24 30 e8 d5 4e 76 00 48 8b e8 48 85
0x00007ffc0241cfc0:   f6 74 5d 48 85 c0 74 58 48 89 7c 24 38 48 8b 3d
0x00007ffc0241cfd0:   44 ff a7 00 48 23 f8 48 0b 3d 72 ff a7 00 74 3b
0x00007ffc0241cfe0:   48 8b 05 51 d0 9c 00 4c 8b c3 48 8b d6 48 8b cf
0x00007ffc0241cff0:   ff d0 48 3b c3 74 24 48 85 05 0a ff a7 00 74 1b
0x00007ffc0241d000:   4c 8b 0d 31 d0 9c 00 4c 8b c0 48 8b d6 48 8b cf 


Stack slot to memory mapping:
stack at sp + 0 slots: 0x00007ffc0279d2ed jvm.dll
stack at sp + 1 slots: 0x000001917cc5c760 points into unknown readable memory: 20 20 20 20 20 20 20 20
stack at sp + 2 slots: 0x000001917cf25000 is a thread
stack at sp + 3 slots: 0x00000030929fe870 is pointing into the stack for thread: 0x000001917cf25000
stack at sp + 4 slots: 0x0000000000000eb0 is an unknown value
stack at sp + 5 slots: 0x000001917cf25000 is a thread
stack at sp + 6 slots: 0x0 is NULL
stack at sp + 7 slots: 0x000001916bce96b0 points into unknown readable memory: 00 00 00 00 00 00 00 00


---------------  P R O C E S S  ---------------

Threads class SMR info:
_java_thread_list=0x000001917cfc92b0, length=20, elements={
0x000001917b484800, 0x000001917b487000, 0x000001917b4a3800, 0x000001917b4a6800,
0x000001917b4a7800, 0x000001917b4ad000, 0x000001917b4ae800, 0x000001917b4b2800,
0x000001917beec000, 0x000001917bef1800, 0x000001917c138800, 0x000001917c17e000,
0x000001917c181000, 0x000001917cc2b800, 0x000001917ce46800, 0x000001917cf29000,
0x000001917cf24000, 0x000001917cf2a000, 0x000001917cf25000, 0x000001917ebd0000
}

Java Threads: ( => current thread )
  0x000001917b484800 JavaThread "Reference Handler" daemon [_thread_blocked, id=12072, stack(0x0000003091a00000,0x0000003091b00000)]
  0x000001917b487000 JavaThread "Finalizer" daemon [_thread_blocked, id=9600, stack(0x0000003091b00000,0x0000003091c00000)]
  0x000001917b4a3800 JavaThread "Signal Dispatcher" daemon [_thread_blocked, id=13696, stack(0x0000003091c00000,0x0000003091d00000)]
  0x000001917b4a6800 JavaThread "Attach Listener" daemon [_thread_blocked, id=18128, stack(0x0000003091d00000,0x0000003091e00000)]
  0x000001917b4a7800 JavaThread "Service Thread" daemon [_thread_blocked, id=12276, stack(0x0000003091e00000,0x0000003091f00000)]
  0x000001917b4ad000 JavaThread "C2 CompilerThread0" daemon [_thread_blocked, id=10848, stack(0x0000003091f00000,0x0000003092000000)]
  0x000001917b4ae800 JavaThread "C1 CompilerThread0" daemon [_thread_blocked, id=9452, stack(0x0000003092000000,0x0000003092100000)]
  0x000001917b4b2800 JavaThread "Sweeper thread" daemon [_thread_blocked, id=8384, stack(0x0000003092100000,0x0000003092200000)]
  0x000001917beec000 JavaThread "Notification Thread" daemon [_thread_blocked, id=13692, stack(0x0000003092200000,0x0000003092300000)]
  0x000001917bef1800 JavaThread "Common-Cleaner" daemon [_thread_blocked, id=14888, stack(0x0000003092400000,0x0000003092500000)]
  0x000001917c138800 JavaThread "Java2D Disposer" daemon [_thread_blocked, id=17556, stack(0x0000003092500000,0x0000003092600000)]
  0x000001917c17e000 JavaThread "AWT-Shutdown" [_thread_blocked, id=11708, stack(0x0000003092600000,0x0000003092700000)]
  0x000001917c181000 JavaThread "AWT-Windows" daemon [_thread_in_native, id=1220, stack(0x0000003092700000,0x0000003092800000)]
  0x000001917cc2b800 JavaThread "AWT-EventQueue-0" [_thread_blocked, id=6096, stack(0x0000003092800000,0x0000003092900000)]
  0x000001917ce46800 JavaThread "Swing-Shell" daemon [_thread_blocked, id=14040, stack(0x0000003092e00000,0x0000003092f00000)]
  0x000001917cf29000 JavaThread "TimerQueue" daemon [_thread_blocked, id=14328, stack(0x0000003093300000,0x0000003093400000)]
  0x000001917cf24000 JavaThread "Timer-0" [_thread_blocked, id=9888, stack(0x0000003093400000,0x0000003093500000)]
  0x000001917cf2a000 JavaThread "DestroyJavaVM" [_thread_blocked, id=18896, stack(0x0000003091300000,0x0000003091400000)]
=>0x000001917cf25000 JavaThread "Timer-1" [_thread_in_vm, id=19112, stack(0x0000003092900000,0x0000003092a00000)]
  0x000001917ebd0000 JavaThread "C2 CompilerThread1" daemon [_thread_blocked, id=824, stack(0x0000003093500000,0x0000003093600000)]

Other Threads:
  0x000001917b47f800 VMThread "VM Thread" [stack: 0x0000003091900000,0x0000003091a00000] [id=15168]
  0x000001917bef1000 WatcherThread [stack: 0x0000003092300000,0x0000003092400000] [id=14900]
  0x000001916bd32800 GCTaskThread "GC Thread#0" [stack: 0x0000003091400000,0x0000003091500000] [id=18544]
  0x000001917cd99000 GCTaskThread "GC Thread#1" [stack: 0x0000003092a00000,0x0000003092b00000] [id=7224]
  0x000001917cc56000 GCTaskThread "GC Thread#2" [stack: 0x0000003092b00000,0x0000003092c00000] [id=14864]
  0x000001917cc49800 GCTaskThread "GC Thread#3" [stack: 0x0000003092c00000,0x0000003092d00000] [id=10176]
  0x000001916bd45800 ConcurrentGCThread "G1 Main Marker" [stack: 0x0000003091500000,0x0000003091600000] [id=3732]
  0x000001916bd47800 ConcurrentGCThread "G1 Conc#0" [stack: 0x0000003091600000,0x0000003091700000] [id=13064]
  0x000001916bdbe000 ConcurrentGCThread "G1 Refine#0" [stack: 0x0000003091700000,0x0000003091800000] [id=304]
  0x000001917bf1e800 ConcurrentGCThread "G1 Refine#1" [stack: 0x0000003092d00000,0x0000003092e00000] [id=7684]
  0x000001917b2f2800 ConcurrentGCThread "G1 Young RemSet Sampling" [stack: 0x0000003091800000,0x0000003091900000] [id=17252]

Threads with active compile tasks:

VM state:not at safepoint (normal execution)

VM Mutex/Monitor currently owned by a thread: None

Heap address: 0x0000000081e00000, size: 2018 MB, Compressed Oops mode: 32-bit
Narrow klass base: 0x0000000800000000, Narrow klass shift: 3
Compressed class space size: 1073741824 Address: 0x0000000800b30000

Heap:
 garbage-first heap   total 131072K, used 27865K [0x0000000081e00000, 0x0000000100000000)
  region size 1024K, 22 young (22528K), 2 survivors (2048K)
 Metaspace       used 16644K, capacity 17023K, committed 17280K, reserved 1064960K
  class space    used 1946K, capacity 2100K, committed 2176K, reserved 1048576K
Heap Regions: E=young(eden), S=young(survivor), O=old, HS=humongous(starts), HC=humongous(continues), CS=collection set, F=free, OA=open archive, CA=closed archive, TAMS=top-at-mark-start (previous, next)
|   0|0x0000000081e00000, 0x0000000081f00000, 0x0000000081f00000|100%|HS|  |TAMS 0x0000000081e00000, 0x0000000081e00000| Complete 
|   1|0x0000000081f00000, 0x0000000082000000, 0x0000000082000000|100%|HC|  |TAMS 0x0000000081f00000, 0x0000000081f00000| Complete 
|   2|0x0000000082000000, 0x0000000082100000, 0x0000000082100000|100%| O|  |TAMS 0x0000000082000000, 0x0000000082000000| Untracked 
|   3|0x0000000082100000, 0x0000000082200000, 0x0000000082200000|100%|HS|  |TAMS 0x0000000082100000, 0x0000000082100000| Complete 
|   4|0x0000000082200000, 0x0000000082300000, 0x0000000082300000|100%|HC|  |TAMS 0x0000000082200000, 0x0000000082200000| Complete 
|   5|0x0000000082300000, 0x0000000082400000, 0x0000000082400000|100%|HC|  |TAMS 0x0000000082300000, 0x0000000082300000| Complete 
|   6|0x0000000082400000, 0x0000000082500000, 0x0000000082500000|100%| O|  |TAMS 0x0000000082400000, 0x0000000082400000| Untracked 
|   7|0x0000000082500000, 0x00000000825e8e00, 0x0000000082600000| 90%| O|  |TAMS 0x0000000082500000, 0x0000000082500000| Untracked 
|   8|0x0000000082600000, 0x0000000082600000, 0x0000000082700000|  0%| F|  |TAMS 0x0000000082600000, 0x0000000082600000| Untracked 
|   9|0x0000000082700000, 0x0000000082700000, 0x0000000082800000|  0%| F|  |TAMS 0x0000000082700000, 0x0000000082700000| Untracked 
|  10|0x0000000082800000, 0x0000000082800000, 0x0000000082900000|  0%| F|  |TAMS 0x0000000082800000, 0x0000000082800000| Untracked 
|  11|0x0000000082900000, 0x0000000082900000, 0x0000000082a00000|  0%| F|  |TAMS 0x0000000082900000, 0x0000000082900000| Untracked 
|  12|0x0000000082a00000, 0x0000000082a00000, 0x0000000082b00000|  0%| F|  |TAMS 0x0000000082a00000, 0x0000000082a00000| Untracked 
|  13|0x0000000082b00000, 0x0000000082b00000, 0x0000000082c00000|  0%| F|  |TAMS 0x0000000082b00000, 0x0000000082b00000| Untracked 
|  14|0x0000000082c00000, 0x0000000082c00000, 0x0000000082d00000|  0%| F|  |TAMS 0x0000000082c00000, 0x0000000082c00000| Untracked 
|  15|0x0000000082d00000, 0x0000000082d00000, 0x0000000082e00000|  0%| F|  |TAMS 0x0000000082d00000, 0x0000000082d00000| Untracked 
|  16|0x0000000082e00000, 0x0000000082e00000, 0x0000000082f00000|  0%| F|  |TAMS 0x0000000082e00000, 0x0000000082e00000| Untracked 
|  17|0x0000000082f00000, 0x0000000082f00000, 0x0000000083000000|  0%| F|  |TAMS 0x0000000082f00000, 0x0000000082f00000| Untracked 
|  18|0x0000000083000000, 0x0000000083000000, 0x0000000083100000|  0%| F|  |TAMS 0x0000000083000000, 0x0000000083000000| Untracked 
|  19|0x0000000083100000, 0x0000000083100000, 0x0000000083200000|  0%| F|  |TAMS 0x0000000083100000, 0x0000000083100000| Untracked 
|  20|0x0000000083200000, 0x0000000083200000, 0x0000000083300000|  0%| F|  |TAMS 0x0000000083200000, 0x0000000083200000| Untracked 
|  21|0x0000000083300000, 0x0000000083300000, 0x0000000083400000|  0%| F|  |TAMS 0x0000000083300000, 0x0000000083300000| Untracked 
|  22|0x0000000083400000, 0x0000000083400000, 0x0000000083500000|  0%| F|  |TAMS 0x0000000083400000, 0x0000000083400000| Untracked 
|  23|0x0000000083500000, 0x0000000083500000, 0x0000000083600000|  0%| F|  |TAMS 0x0000000083500000, 0x0000000083500000| Untracked 
|  24|0x0000000083600000, 0x0000000083600000, 0x0000000083700000|  0%| F|  |TAMS 0x0000000083600000, 0x0000000083600000| Untracked 
|  25|0x0000000083700000, 0x0000000083700000, 0x0000000083800000|  0%| F|  |TAMS 0x0000000083700000, 0x0000000083700000| Untracked 
|  26|0x0000000083800000, 0x0000000083800000, 0x0000000083900000|  0%| F|  |TAMS 0x0000000083800000, 0x0000000083800000| Untracked 
|  27|0x0000000083900000, 0x0000000083900000, 0x0000000083a00000|  0%| F|  |TAMS 0x0000000083900000, 0x0000000083900000| Untracked 
|  28|0x0000000083a00000, 0x0000000083a00000, 0x0000000083b00000|  0%| F|  |TAMS 0x0000000083a00000, 0x0000000083a00000| Untracked 
|  29|0x0000000083b00000, 0x0000000083b00000, 0x0000000083c00000|  0%| F|  |TAMS 0x0000000083b00000, 0x0000000083b00000| Untracked 
|  30|0x0000000083c00000, 0x0000000083c00000, 0x0000000083d00000|  0%| F|  |TAMS 0x0000000083c00000, 0x0000000083c00000| Untracked 
|  31|0x0000000083d00000, 0x0000000083d00000, 0x0000000083e00000|  0%| F|  |TAMS 0x0000000083d00000, 0x0000000083d00000| Untracked 
|  32|0x0000000083e00000, 0x0000000083e00000, 0x0000000083f00000|  0%| F|  |TAMS 0x0000000083e00000, 0x0000000083e00000| Untracked 
|  33|0x0000000083f00000, 0x0000000083f00000, 0x0000000084000000|  0%| F|  |TAMS 0x0000000083f00000, 0x0000000083f00000| Untracked 
|  34|0x0000000084000000, 0x0000000084000000, 0x0000000084100000|  0%| F|  |TAMS 0x0000000084000000, 0x0000000084000000| Untracked 
|  35|0x0000000084100000, 0x0000000084100000, 0x0000000084200000|  0%| F|  |TAMS 0x0000000084100000, 0x0000000084100000| Untracked 
|  36|0x0000000084200000, 0x0000000084200000, 0x0000000084300000|  0%| F|  |TAMS 0x0000000084200000, 0x0000000084200000| Untracked 
|  37|0x0000000084300000, 0x0000000084300000, 0x0000000084400000|  0%| F|  |TAMS 0x0000000084300000, 0x0000000084300000| Untracked 
|  38|0x0000000084400000, 0x0000000084400000, 0x0000000084500000|  0%| F|  |TAMS 0x0000000084400000, 0x0000000084400000| Untracked 
|  39|0x0000000084500000, 0x0000000084500000, 0x0000000084600000|  0%| F|  |TAMS 0x0000000084500000, 0x0000000084500000| Untracked 
|  40|0x0000000084600000, 0x0000000084600000, 0x0000000084700000|  0%| F|  |TAMS 0x0000000084600000, 0x0000000084600000| Untracked 
|  41|0x0000000084700000, 0x0000000084700000, 0x0000000084800000|  0%| F|  |TAMS 0x0000000084700000, 0x0000000084700000| Untracked 
|  42|0x0000000084800000, 0x0000000084800000, 0x0000000084900000|  0%| F|  |TAMS 0x0000000084800000, 0x0000000084800000| Untracked 
|  43|0x0000000084900000, 0x0000000084900000, 0x0000000084a00000|  0%| F|  |TAMS 0x0000000084900000, 0x0000000084900000| Untracked 
|  44|0x0000000084a00000, 0x0000000084a00000, 0x0000000084b00000|  0%| F|  |TAMS 0x0000000084a00000, 0x0000000084a00000| Untracked 
|  45|0x0000000084b00000, 0x0000000084b00000, 0x0000000084c00000|  0%| F|  |TAMS 0x0000000084b00000, 0x0000000084b00000| Untracked 
|  46|0x0000000084c00000, 0x0000000084c00000, 0x0000000084d00000|  0%| F|  |TAMS 0x0000000084c00000, 0x0000000084c00000| Untracked 
|  47|0x0000000084d00000, 0x0000000084d00000, 0x0000000084e00000|  0%| F|  |TAMS 0x0000000084d00000, 0x0000000084d00000| Untracked 
|  48|0x0000000084e00000, 0x0000000084e00000, 0x0000000084f00000|  0%| F|  |TAMS 0x0000000084e00000, 0x0000000084e00000| Untracked 
|  49|0x0000000084f00000, 0x0000000084f00000, 0x0000000085000000|  0%| F|  |TAMS 0x0000000084f00000, 0x0000000084f00000| Untracked 
|  50|0x0000000085000000, 0x0000000085000000, 0x0000000085100000|  0%| F|  |TAMS 0x0000000085000000, 0x0000000085000000| Untracked 
|  51|0x0000000085100000, 0x0000000085100000, 0x0000000085200000|  0%| F|  |TAMS 0x0000000085100000, 0x0000000085100000| Untracked 
|  52|0x0000000085200000, 0x0000000085200000, 0x0000000085300000|  0%| F|  |TAMS 0x0000000085200000, 0x0000000085200000| Untracked 
|  53|0x0000000085300000, 0x0000000085300000, 0x0000000085400000|  0%| F|  |TAMS 0x0000000085300000, 0x0000000085300000| Untracked 
|  54|0x0000000085400000, 0x0000000085400000, 0x0000000085500000|  0%| F|  |TAMS 0x0000000085400000, 0x0000000085400000| Untracked 
|  55|0x0000000085500000, 0x0000000085500000, 0x0000000085600000|  0%| F|  |TAMS 0x0000000085500000, 0x0000000085500000| Untracked 
|  56|0x0000000085600000, 0x0000000085600000, 0x0000000085700000|  0%| F|  |TAMS 0x0000000085600000, 0x0000000085600000| Untracked 
|  57|0x0000000085700000, 0x0000000085700000, 0x0000000085800000|  0%| F|  |TAMS 0x0000000085700000, 0x0000000085700000| Untracked 
|  58|0x0000000085800000, 0x0000000085800000, 0x0000000085900000|  0%| F|  |TAMS 0x0000000085800000, 0x0000000085800000| Untracked 
|  59|0x0000000085900000, 0x0000000085900000, 0x0000000085a00000|  0%| F|  |TAMS 0x0000000085900000, 0x0000000085900000| Untracked 
|  60|0x0000000085a00000, 0x0000000085a00000, 0x0000000085b00000|  0%| F|  |TAMS 0x0000000085a00000, 0x0000000085a00000| Untracked 
|  61|0x0000000085b00000, 0x0000000085b00000, 0x0000000085c00000|  0%| F|  |TAMS 0x0000000085b00000, 0x0000000085b00000| Untracked 
|  62|0x0000000085c00000, 0x0000000085c00000, 0x0000000085d00000|  0%| F|  |TAMS 0x0000000085c00000, 0x0000000085c00000| Untracked 
|  63|0x0000000085d00000, 0x0000000085d00000, 0x0000000085e00000|  0%| F|  |TAMS 0x0000000085d00000, 0x0000000085d00000| Untracked 
|  64|0x0000000085e00000, 0x0000000085e00000, 0x0000000085f00000|  0%| F|  |TAMS 0x0000000085e00000, 0x0000000085e00000| Untracked 
|  65|0x0000000085f00000, 0x0000000085f00000, 0x0000000086000000|  0%| F|  |TAMS 0x0000000085f00000, 0x0000000085f00000| Untracked 
|  66|0x0000000086000000, 0x0000000086000000, 0x0000000086100000|  0%| F|  |TAMS 0x0000000086000000, 0x0000000086000000| Untracked 
|  67|0x0000000086100000, 0x0000000086100000, 0x0000000086200000|  0%| F|  |TAMS 0x0000000086100000, 0x0000000086100000| Untracked 
|  68|0x0000000086200000, 0x0000000086200000, 0x0000000086300000|  0%| F|  |TAMS 0x0000000086200000, 0x0000000086200000| Untracked 
|  69|0x0000000086300000, 0x0000000086300000, 0x0000000086400000|  0%| F|  |TAMS 0x0000000086300000, 0x0000000086300000| Untracked 
|  70|0x0000000086400000, 0x0000000086400000, 0x0000000086500000|  0%| F|  |TAMS 0x0000000086400000, 0x0000000086400000| Untracked 
|  71|0x0000000086500000, 0x0000000086500000, 0x0000000086600000|  0%| F|  |TAMS 0x0000000086500000, 0x0000000086500000| Untracked 
|  72|0x0000000086600000, 0x0000000086600000, 0x0000000086700000|  0%| F|  |TAMS 0x0000000086600000, 0x0000000086600000| Untracked 
|  73|0x0000000086700000, 0x0000000086700000, 0x0000000086800000|  0%| F|  |TAMS 0x0000000086700000, 0x0000000086700000| Untracked 
|  74|0x0000000086800000, 0x0000000086800000, 0x0000000086900000|  0%| F|  |TAMS 0x0000000086800000, 0x0000000086800000| Untracked 
|  75|0x0000000086900000, 0x0000000086900000, 0x0000000086a00000|  0%| F|  |TAMS 0x0000000086900000, 0x0000000086900000| Untracked 
|  76|0x0000000086a00000, 0x0000000086a00000, 0x0000000086b00000|  0%| F|  |TAMS 0x0000000086a00000, 0x0000000086a00000| Untracked 
|  77|0x0000000086b00000, 0x0000000086b00000, 0x0000000086c00000|  0%| F|  |TAMS 0x0000000086b00000, 0x0000000086b00000| Untracked 
|  78|0x0000000086c00000, 0x0000000086c00000, 0x0000000086d00000|  0%| F|  |TAMS 0x0000000086c00000, 0x0000000086c00000| Untracked 
|  79|0x0000000086d00000, 0x0000000086d00000, 0x0000000086e00000|  0%| F|  |TAMS 0x0000000086d00000, 0x0000000086d00000| Untracked 
|  80|0x0000000086e00000, 0x0000000086e00000, 0x0000000086f00000|  0%| F|  |TAMS 0x0000000086e00000, 0x0000000086e00000| Untracked 
|  81|0x0000000086f00000, 0x0000000086f00000, 0x0000000087000000|  0%| F|  |TAMS 0x0000000086f00000, 0x0000000086f00000| Untracked 
|  82|0x0000000087000000, 0x0000000087000000, 0x0000000087100000|  0%| F|  |TAMS 0x0000000087000000, 0x0000000087000000| Untracked 
|  83|0x0000000087100000, 0x0000000087100000, 0x0000000087200000|  0%| F|  |TAMS 0x0000000087100000, 0x0000000087100000| Untracked 
|  84|0x0000000087200000, 0x0000000087200000, 0x0000000087300000|  0%| F|  |TAMS 0x0000000087200000, 0x0000000087200000| Untracked 
|  85|0x0000000087300000, 0x0000000087300000, 0x0000000087400000|  0%| F|  |TAMS 0x0000000087300000, 0x0000000087300000| Untracked 
|  86|0x0000000087400000, 0x0000000087400000, 0x0000000087500000|  0%| F|  |TAMS 0x0000000087400000, 0x0000000087400000| Untracked 
|  87|0x0000000087500000, 0x0000000087500000, 0x0000000087600000|  0%| F|  |TAMS 0x0000000087500000, 0x0000000087500000| Untracked 
|  88|0x0000000087600000, 0x0000000087600000, 0x0000000087700000|  0%| F|  |TAMS 0x0000000087600000, 0x0000000087600000| Untracked 
|  89|0x0000000087700000, 0x0000000087700000, 0x0000000087800000|  0%| F|  |TAMS 0x0000000087700000, 0x0000000087700000| Untracked 
|  90|0x0000000087800000, 0x0000000087800000, 0x0000000087900000|  0%| F|  |TAMS 0x0000000087800000, 0x0000000087800000| Untracked 
|  91|0x0000000087900000, 0x0000000087900000, 0x0000000087a00000|  0%| F|  |TAMS 0x0000000087900000, 0x0000000087900000| Untracked 
|  92|0x0000000087a00000, 0x0000000087a00000, 0x0000000087b00000|  0%| F|  |TAMS 0x0000000087a00000, 0x0000000087a00000| Untracked 
|  93|0x0000000087b00000, 0x0000000087b00000, 0x0000000087c00000|  0%| F|  |TAMS 0x0000000087b00000, 0x0000000087b00000| Untracked 
|  94|0x0000000087c00000, 0x0000000087c00000, 0x0000000087d00000|  0%| F|  |TAMS 0x0000000087c00000, 0x0000000087c00000| Untracked 
|  95|0x0000000087d00000, 0x0000000087d00000, 0x0000000087e00000|  0%| F|  |TAMS 0x0000000087d00000, 0x0000000087d00000| Untracked 
|  96|0x0000000087e00000, 0x0000000087e00000, 0x0000000087f00000|  0%| F|  |TAMS 0x0000000087e00000, 0x0000000087e00000| Untracked 
|  97|0x0000000087f00000, 0x0000000087f00000, 0x0000000088000000|  0%| F|  |TAMS 0x0000000087f00000, 0x0000000087f00000| Untracked 
|  98|0x0000000088000000, 0x0000000088000000, 0x0000000088100000|  0%| F|  |TAMS 0x0000000088000000, 0x0000000088000000| Untracked 
|  99|0x0000000088100000, 0x0000000088100000, 0x0000000088200000|  0%| F|  |TAMS 0x0000000088100000, 0x0000000088100000| Untracked 
| 100|0x0000000088200000, 0x0000000088200000, 0x0000000088300000|  0%| F|  |TAMS 0x0000000088200000, 0x0000000088200000| Untracked 
| 101|0x0000000088300000, 0x0000000088300000, 0x0000000088400000|  0%| F|  |TAMS 0x0000000088300000, 0x0000000088300000| Untracked 
| 102|0x0000000088400000, 0x0000000088400000, 0x0000000088500000|  0%| F|  |TAMS 0x0000000088400000, 0x0000000088400000| Untracked 
| 103|0x0000000088500000, 0x0000000088500000, 0x0000000088600000|  0%| F|  |TAMS 0x0000000088500000, 0x0000000088500000| Untracked 
| 104|0x0000000088600000, 0x0000000088600000, 0x0000000088700000|  0%| F|  |TAMS 0x0000000088600000, 0x0000000088600000| Untracked 
| 105|0x0000000088700000, 0x0000000088700000, 0x0000000088800000|  0%| F|  |TAMS 0x0000000088700000, 0x0000000088700000| Untracked 
| 106|0x0000000088800000, 0x00000000888b2fe0, 0x0000000088900000| 69%| E|  |TAMS 0x0000000088800000, 0x0000000088800000| Complete 
| 107|0x0000000088900000, 0x0000000088a00000, 0x0000000088a00000|100%| E|CS|TAMS 0x0000000088900000, 0x0000000088900000| Complete 
| 108|0x0000000088a00000, 0x0000000088b00000, 0x0000000088b00000|100%| E|CS|TAMS 0x0000000088a00000, 0x0000000088a00000| Complete 
| 109|0x0000000088b00000, 0x0000000088c00000, 0x0000000088c00000|100%| E|CS|TAMS 0x0000000088b00000, 0x0000000088b00000| Complete 
| 110|0x0000000088c00000, 0x0000000088c4d658, 0x0000000088d00000| 30%| S|CS|TAMS 0x0000000088c00000, 0x0000000088c00000| Complete 
| 111|0x0000000088d00000, 0x0000000088e00000, 0x0000000088e00000|100%| S|CS|TAMS 0x0000000088d00000, 0x0000000088d00000| Complete 
| 112|0x0000000088e00000, 0x0000000088f00000, 0x0000000088f00000|100%| E|CS|TAMS 0x0000000088e00000, 0x0000000088e00000| Complete 
| 113|0x0000000088f00000, 0x0000000089000000, 0x0000000089000000|100%| E|CS|TAMS 0x0000000088f00000, 0x0000000088f00000| Complete 
| 114|0x0000000089000000, 0x0000000089100000, 0x0000000089100000|100%| E|CS|TAMS 0x0000000089000000, 0x0000000089000000| Complete 
| 115|0x0000000089100000, 0x0000000089200000, 0x0000000089200000|100%| E|CS|TAMS 0x0000000089100000, 0x0000000089100000| Complete 
| 116|0x0000000089200000, 0x0000000089300000, 0x0000000089300000|100%| E|CS|TAMS 0x0000000089200000, 0x0000000089200000| Complete 
| 117|0x0000000089300000, 0x0000000089400000, 0x0000000089400000|100%| E|CS|TAMS 0x0000000089300000, 0x0000000089300000| Complete 
| 118|0x0000000089400000, 0x0000000089500000, 0x0000000089500000|100%| E|CS|TAMS 0x0000000089400000, 0x0000000089400000| Complete 
| 119|0x0000000089500000, 0x0000000089600000, 0x0000000089600000|100%| E|  |TAMS 0x0000000089500000, 0x0000000089500000| Complete 
| 120|0x0000000089600000, 0x0000000089700000, 0x0000000089700000|100%| E|CS|TAMS 0x0000000089600000, 0x0000000089600000| Complete 
| 121|0x0000000089700000, 0x0000000089800000, 0x0000000089800000|100%| E|CS|TAMS 0x0000000089700000, 0x0000000089700000| Complete 
| 122|0x0000000089800000, 0x0000000089900000, 0x0000000089900000|100%| E|CS|TAMS 0x0000000089800000, 0x0000000089800000| Complete 
| 123|0x0000000089900000, 0x0000000089a00000, 0x0000000089a00000|100%| E|CS|TAMS 0x0000000089900000, 0x0000000089900000| Complete 
| 124|0x0000000089a00000, 0x0000000089b00000, 0x0000000089b00000|100%| E|CS|TAMS 0x0000000089a00000, 0x0000000089a00000| Complete 
| 125|0x0000000089b00000, 0x0000000089c00000, 0x0000000089c00000|100%| E|CS|TAMS 0x0000000089b00000, 0x0000000089b00000| Complete 
| 126|0x0000000089c00000, 0x0000000089d00000, 0x0000000089d00000|100%| E|CS|TAMS 0x0000000089c00000, 0x0000000089c00000| Complete 
| 127|0x0000000089d00000, 0x0000000089e00000, 0x0000000089e00000|100%| E|CS|TAMS 0x0000000089d00000, 0x0000000089d00000| Complete 

Card table byte_map: [0x0000019174890000,0x0000019174c90000] _byte_map_base: 0x0000019174481000

Marking Bits (Prev, Next): (CMBitMap*) 0x000001916bd330c8, (CMBitMap*) 0x000001916bd33108
 Prev Bits: [0x0000019175090000, 0x0000019177018000)
 Next Bits: [0x0000019177020000, 0x0000019178fa8000)

Polling page: 0x0000019169ca0000

Metaspace:

Usage:
  Non-class:     14.57 MB capacity,    14.35 MB ( 98%) used,   189.26 KB (  1%) free+waste,    36.63 KB ( <1%) overhead. 
      Class:      2.05 MB capacity,     1.90 MB ( 93%) used,   133.49 KB (  6%) free+waste,    19.63 KB ( <1%) overhead. 
       Both:     16.62 MB capacity,    16.25 MB ( 98%) used,   322.75 KB (  2%) free+waste,    56.25 KB ( <1%) overhead. 

Virtual space:
  Non-class space:       16.00 MB reserved,      14.75 MB ( 92%) committed 
      Class space:        1.00 GB reserved,       2.13 MB ( <1%) committed 
             Both:        1.02 GB reserved,      16.88 MB (  2%) committed 

Chunk freelists:
   Non-Class:  53.00 KB
       Class:  12.00 KB
        Both:  65.00 KB

MaxMetaspaceSize: 17179869184.00 GB
CompressedClassSpaceSize: 1.00 GB

CodeHeap 'non-profiled nmethods': size=120000Kb used=1886Kb max_used=1886Kb free=118113Kb
 bounds [0x0000019107ad0000, 0x0000019107d40000, 0x000001910f000000]
CodeHeap 'profiled nmethods': size=120000Kb used=6785Kb max_used=6785Kb free=113214Kb
 bounds [0x00000191005a0000, 0x0000019100c50000, 0x0000019107ad0000]
CodeHeap 'non-nmethods': size=5760Kb used=1359Kb max_used=1454Kb free=4400Kb
 bounds [0x0000019100000000, 0x0000019100270000, 0x00000191005a0000]
 total_blobs=4852 nmethods=3237 adapters=570
 compilation: enabled
              stopped_count=0, restarted_count=0
 full_count=0

Compilation events (20 events):
Event: 12.028 Thread 0x000001917b4ae800 nmethod 3229 0x0000019100c3da90 code [0x0000019100c3dc40, 0x0000019100c3de08]
Event: 12.029 Thread 0x000001917b4ad000 nmethod 3192 0x0000019107ca0d90 code [0x0000019107ca1080, 0x0000019107ca1830]
Event: 12.029 Thread 0x000001917b4ad000 3193       4       javax.swing.table.DefaultTableCellRenderer::invalidate (1 bytes)
Event: 12.029 Thread 0x000001917b4ad000 nmethod 3193 0x0000019107ca2210 code [0x0000019107ca2380, 0x0000019107ca23f8]
Event: 12.029 Thread 0x000001917b4ad000 3191       4       java.awt.Container::adjustDescendantsOnParent (16 bytes)
Event: 12.031 Thread 0x000001917b4ad000 nmethod 3191 0x0000019107ca2510 code [0x0000019107ca26a0, 0x0000019107ca2778]
Event: 12.031 Thread 0x000001917b4ad000 3232       4       sun.swing.SwingUtilities2$KeyPair::equals (48 bytes)
Event: 12.031 Thread 0x000001917b4ae800 3233       3       javax.swing.text.BoxView::setSpanOnAxis (131 bytes)
Event: 12.033 Thread 0x000001917b4ae800 nmethod 3233 0x0000019100c3df10 code [0x0000019100c3e120, 0x0000019100c3e8d8]
Event: 12.033 Thread 0x000001917b4ae800 3234       1       javax.swing.text.html.CSS$BorderStyle::getValue (5 bytes)
Event: 12.033 Thread 0x000001917b4ae800 nmethod 3234 0x0000019107ca2890 code [0x0000019107ca2a20, 0x0000019107ca2af8]
Event: 12.033 Thread 0x000001917b4ae800 3235       3       javax.swing.text.View::getContainer (18 bytes)
Event: 12.034 Thread 0x000001917b4ae800 nmethod 3235 0x0000019100c3ea10 code [0x0000019100c3ebc0, 0x0000019100c3eea8]
Event: 12.036 Thread 0x000001917b4ae800 3236       3       java.lang.Module::allows (60 bytes)
Event: 12.037 Thread 0x000001917b4ae800 nmethod 3236 0x0000019100c3ef90 code [0x0000019100c3f180, 0x0000019100c3f7a8]
Event: 12.039 Thread 0x000001917b4ad000 nmethod 3232 0x0000019107ca2b90 code [0x0000019107ca2de0, 0x0000019107ca32b8]
Event: 12.039 Thread 0x000001917b4ad000 3230   !   4       sun.font.TrueTypeGlyphMapper::getGlyphFromCMAP (71 bytes)
Event: 12.041 Thread 0x000001917b4ae800 3237       3       java.lang.String::startsWith (138 bytes)
Event: 12.043 Thread 0x000001917b4ae800 nmethod 3237 0x0000019100c3f910 code [0x0000019100c3fb20, 0x0000019100c40358]
Event: 12.045 Thread 0x000001917b4ad000 nmethod 3230 0x0000019107ca3510 code [0x0000019107ca37c0, 0x0000019107ca3dd8]

GC Heap History (4 events):
Event: 0.730 GC heap before
{Heap before GC invocations=0 (full 0):
 garbage-first heap   total 131072K, used 15360K [0x0000000081e00000, 0x0000000100000000)
  region size 1024K, 13 young (13312K), 0 survivors (0K)
 Metaspace       used 10414K, capacity 10744K, committed 10880K, reserved 1058816K
  class space    used 1217K, capacity 1357K, committed 1408K, reserved 1048576K
}
Event: 0.736 GC heap after
{Heap after GC invocations=1 (full 0):
 garbage-first heap   total 131072K, used 5016K [0x0000000081e00000, 0x0000000100000000)
  region size 1024K, 2 young (2048K), 2 survivors (2048K)
 Metaspace       used 10414K, capacity 10744K, committed 10880K, reserved 1058816K
  class space    used 1217K, capacity 1357K, committed 1408K, reserved 1048576K
}
Event: 6.484 GC heap before
{Heap before GC invocations=1 (full 0):
 garbage-first heap   total 131072K, used 21400K [0x0000000081e00000, 0x0000000100000000)
  region size 1024K, 16 young (16384K), 2 survivors (2048K)
 Metaspace       used 15589K, capacity 15924K, committed 16128K, reserved 1062912K
  class space    used 1840K, capacity 1993K, committed 2048K, reserved 1048576K
}
Event: 6.491 GC heap after
{Heap after GC invocations=2 (full 0):
 garbage-first heap   total 131072K, used 9433K [0x0000000081e00000, 0x0000000100000000)
  region size 1024K, 2 young (2048K), 2 survivors (2048K)
 Metaspace       used 15589K, capacity 15924K, committed 16128K, reserved 1062912K
  class space    used 1840K, capacity 1993K, committed 2048K, reserved 1048576K
}

Deoptimization events (20 events):
Event: 11.907 Thread 0x000001917cc2b800 DEOPT PACKING pc=0x0000019107b19478 sp=0x00000030928fdb10
Event: 11.907 Thread 0x000001917cc2b800 DEOPT UNPACKING pc=0x000001910004912f sp=0x00000030928fdaa0 mode 2
Event: 11.953 Thread 0x000001917cc2b800 Uncommon trap: trap_request=0xffffffc6 fr.pc=0x0000019107b19478 relative=0x00000000000006b8
Event: 11.953 Thread 0x000001917cc2b800 Uncommon trap: reason=bimorphic_or_optimized_type_check action=maybe_recompile pc=0x0000019107b19478 method=java.util.concurrent.ConcurrentHashMap.get(Ljava/lang/Object;)Ljava/lang/Object; @ 149 c2
Event: 11.953 Thread 0x000001917cc2b800 DEOPT PACKING pc=0x0000019107b19478 sp=0x00000030928fdb10
Event: 11.954 Thread 0x000001917cc2b800 DEOPT UNPACKING pc=0x000001910004912f sp=0x00000030928fdaa0 mode 2
Event: 12.006 Thread 0x000001917cc2b800 Uncommon trap: trap_request=0xffffff45 fr.pc=0x0000019107b48218 relative=0x0000000000000078
Event: 12.006 Thread 0x000001917cc2b800 Uncommon trap: reason=unstable_if action=reinterpret pc=0x0000019107b48218 method=javax.swing.text.View.getContainer()Ljava/awt/Container; @ 6 c2
Event: 12.006 Thread 0x000001917cc2b800 DEOPT PACKING pc=0x0000019107b48218 sp=0x00000030928fd3f0
Event: 12.006 Thread 0x000001917cc2b800 DEOPT UNPACKING pc=0x000001910004912f sp=0x00000030928fd388 mode 2
Event: 12.006 Thread 0x000001917cc2b800 Uncommon trap: trap_request=0xffffff45 fr.pc=0x0000019107bd2974 relative=0x0000000000000514
Event: 12.006 Thread 0x000001917cc2b800 Uncommon trap: reason=unstable_if action=reinterpret pc=0x0000019107bd2974 method=sun.font.FontDesignMetrics.getMetrics(Ljava/awt/Font;Ljava/awt/font/FontRenderContext;)Lsun/font/FontDesignMetrics; @ 44 c2
Event: 12.006 Thread 0x000001917cc2b800 DEOPT PACKING pc=0x0000019107bd2974 sp=0x00000030928fd030
Event: 12.006 Thread 0x000001917cc2b800 DEOPT UNPACKING pc=0x000001910004912f sp=0x00000030928fcfe8 mode 2
Event: 12.022 Thread 0x000001917cc2b800 DEOPT PACKING pc=0x000001910087a5c4 sp=0x00000030928fd950
Event: 12.022 Thread 0x000001917cc2b800 DEOPT UNPACKING pc=0x000001910004964e sp=0x00000030928fce28 mode 0
Event: 12.027 Thread 0x000001917cf25000 Uncommon trap: trap_request=0xffffff45 fr.pc=0x0000019107b0b11c relative=0x000000000000023c
Event: 12.027 Thread 0x000001917cf25000 Uncommon trap: reason=unstable_if action=reinterpret pc=0x0000019107b0b11c method=java.lang.String.startsWith(Ljava/lang/String;I)Z @ 14 c2
Event: 12.027 Thread 0x000001917cf25000 DEOPT PACKING pc=0x0000019107b0b11c sp=0x00000030929fea30
Event: 12.027 Thread 0x000001917cf25000 DEOPT UNPACKING pc=0x000001910004912f sp=0x00000030929fe9a8 mode 2

Classes unloaded (0 events):
No events

Classes redefined (0 events):
No events

Internal exceptions (17 events):
Event: 0.139 Thread 0x000001916bced800 Exception <a 'java/lang/ClassNotFoundException'{0x0000000089cfb9a8}: sun/awt/resources/spi/awtProvider> (0x0000000089cfb9a8) 
thrown [t:/workspace/open/src/hotspot/share/classfile/systemDictionary.cpp, line 226]
Event: 0.164 Thread 0x000001916bced800 Exception <a 'java/io/FileNotFoundException'{0x0000000089b47d20}> (0x0000000089b47d20) 
thrown [t:/workspace/open/src/hotspot/share/prims/jni.cpp, line 599]
Event: 0.174 Thread 0x000001916bced800 Exception <a 'java/io/FileNotFoundException'{0x0000000089b6e020}> (0x0000000089b6e020) 
thrown [t:/workspace/open/src/hotspot/share/prims/jni.cpp, line 599]
Event: 0.228 Thread 0x000001917c181000 Exception <a 'java/lang/NoSuchMethodError'{0x0000000089a05180}: 'void java.lang.invoke.DirectMethodHandle$Holder.invokeSpecial(java.lang.Object, java.lang.Object)'> (0x0000000089a05180) 
thrown [t:/workspace/open/src/hotspot/share/interpreter/linkResolver.cpp, line 766]
Event: 0.249 Thread 0x000001916bced800 Exception <a 'java/lang/NoSuchMethodError'{0x0000000089a5ce48}: 'java.lang.Object java.lang.invoke.DirectMethodHandle$Holder.invokeStatic(java.lang.Object, int, java.lang.Object, java.lang.Object, java.lang.Object, java.lang.Object)'> (0x0000000089a5ce48) 
thrown [t:/workspace/open/src/hotspot/share/interpreter/linkResolver.cpp, line 766]
Event: 0.250 Thread 0x000001916bced800 Exception <a 'java/lang/NoSuchMethodError'{0x0000000089a63768}: 'java.lang.Object java.lang.invoke.DirectMethodHandle$Holder.invokeStatic(java.lang.Object, int, java.lang.Object, java.lang.Object, java.lang.Object)'> (0x0000000089a63768) 
thrown [t:/workspace/open/src/hotspot/share/interpreter/linkResolver.cpp, line 766]
Event: 0.250 Thread 0x000001916bced800 Exception <a 'java/lang/NoSuchMethodError'{0x0000000089a66fb8}: 'java.lang.Object java.lang.invoke.DirectMethodHandle$Holder.invokeSpecial(java.lang.Object, java.lang.Object, int, java.lang.Object, java.lang.Object, java.lang.Object)'> (0x0000000089a66fb8) 
thrown [t:/workspace/open/src/hotspot/share/interpreter/linkResolver.cpp, line 766]
Event: 0.253 Thread 0x000001916bced800 Exception <a 'java/lang/NoSuchMethodError'{0x0000000089a7d360}: 'java.lang.Object java.lang.invoke.DirectMethodHandle$Holder.invokeStatic(java.lang.Object, int, java.lang.Object)'> (0x0000000089a7d360) 
thrown [t:/workspace/open/src/hotspot/share/interpreter/linkResolver.cpp, line 766]
Event: 0.279 Thread 0x000001916bced800 Exception <a 'java/lang/ClassNotFoundException'{0x0000000089923928}: com/sun/swing/internal/plaf/metal/resources/spi/metalProvider> (0x0000000089923928) 
thrown [t:/workspace/open/src/hotspot/share/classfile/systemDictionary.cpp, line 226]
Event: 0.280 Thread 0x000001916bced800 Exception <a 'java/lang/ClassNotFoundException'{0x00000000899277a8}: com/sun/swing/internal/plaf/basic/resources/spi/basicProvider> (0x00000000899277a8) 
thrown [t:/workspace/open/src/hotspot/share/classfile/systemDictionary.cpp, line 226]
Event: 0.551 Thread 0x000001916bced800 Exception <a 'java/lang/NoSuchMethodError'{0x00000000893cfa88}: 'java.lang.Object java.lang.invoke.DirectMethodHandle$Holder.invokeStatic(java.lang.Object, java.lang.Object, java.lang.Object, java.lang.Object, java.lang.Object, java.lang.Object, java.lang.Object, java.lang.Object, java.lang.Object, java.lang.Object, java.lang.Object, java.lang.Object, java.lang.Object, java.lang.Object, java.lang.Object)'> (0x00000000893cfa88) 
thrown [t:/workspace/open/src/hotspot/share/interpreter/linkResolver.cpp, line 
Event: 0.552 Thread 0x000001916bced800 Exception <a 'java/lang/NoSuchMethodError'{0x00000000893dc1d0}: 'java.lang.Object java.lang.invoke.DirectMethodHandle$Holder.invokeStatic(java.lang.Object, java.lang.Object, java.lang.Object, java.lang.Object, java.lang.Object, java.lang.Object, java.lang.Object, java.lang.Object, java.lang.Object, java.lang.Object, java.lang.Object, java.lang.Object, java.lang.Object, java.lang.Object, java.lang.Object, java.lang.Object)'> (0x00000000893dc1d0) 
thrown [t:/workspace/open/src/hotspot/share/interpreter/linkR
Event: 0.553 Thread 0x000001916bced800 Exception <a 'java/lang/NoSuchMethodError'{0x00000000893e9170}: 'java.lang.Object java.lang.invoke.Invokers$Holder.linkToTargetMethod(java.lang.Object, java.lang.Object, java.lang.Object, java.lang.Object, java.lang.Object, java.lang.Object)'> (0x00000000893e9170) 
thrown [t:/workspace/open/src/hotspot/share/interpreter/linkResolver.cpp, line 766]
Event: 0.670 Thread 0x000001917cc25800 Implicit null exception at 0x0000019107b06b8a to 0x0000019107b06cd0
Event: 1.113 Thread 0x000001916bced800 Exception <a 'java/lang/NoSuchMethodError'{0x0000000089b3fe18}: 'void java.lang.invoke.DirectMethodHandle$Holder.invokeStaticInit(java.lang.Object)'> (0x0000000089b3fe18) 
thrown [t:/workspace/open/src/hotspot/share/interpreter/linkResolver.cpp, line 766]
Event: 1.120 Thread 0x000001916bced800 Exception <a 'java/lang/NoSuchMethodError'{0x0000000089b8af38}: 'java.lang.Object java.lang.invoke.Invokers$Holder.linkToTargetMethod(java.lang.Object, int, java.lang.Object)'> (0x0000000089b8af38) 
thrown [t:/workspace/open/src/hotspot/share/interpreter/linkResolver.cpp, line 766]
Event: 10.388 Thread 0x000001917cc2b800 Implicit null exception at 0x0000019107b76cc5 to 0x0000019107b76fc4

Events (20 events):
Event: 11.991 Executing VM operation: HandshakeOneThread done
Event: 11.991 Executing VM operation: HandshakeOneThread
Event: 11.991 Executing VM operation: HandshakeOneThread done
Event: 11.991 Executing VM operation: HandshakeOneThread
Event: 11.991 Executing VM operation: HandshakeOneThread done
Event: 11.991 Executing VM operation: BulkRevokeBias
Event: 11.992 Executing VM operation: BulkRevokeBias done
Event: 12.005 Thread 0x000001917ebd0000 Thread added: 0x000001917ebd0000
Event: 12.031 Executing VM operation: HandshakeOneThread
Event: 12.031 Executing VM operation: HandshakeOneThread done
Event: 12.031 Executing VM operation: HandshakeOneThread
Event: 12.031 Executing VM operation: HandshakeOneThread done
Event: 12.031 Executing VM operation: HandshakeOneThread
Event: 12.031 Executing VM operation: HandshakeOneThread done
Event: 12.031 Executing VM operation: BulkRevokeBias
Event: 12.031 Executing VM operation: BulkRevokeBias done
Event: 12.031 Executing VM operation: HandshakeOneThread
Event: 12.031 Executing VM operation: HandshakeOneThread done
Event: 12.031 Executing VM operation: HandshakeOneThread
Event: 12.031 Executing VM operation: HandshakeOneThread done


Dynamic libraries:
0x00007ff719180000 - 0x00007ff71918f000 	C:\Program Files\Java\jdk-14\bin\java.exe
0x00007ffc547e0000 - 0x00007ffc549d0000 	C:\Windows\SYSTEM32\ntdll.dll
0x00007ffc52ff0000 - 0x00007ffc530a2000 	C:\Windows\System32\KERNEL32.DLL
0x00007ffc51ab0000 - 0x00007ffc51d54000 	C:\Windows\System32\KERNELBASE.dll
0x00007ffc51f80000 - 0x00007ffc5207a000 	C:\Windows\System32\ucrtbase.dll
0x00007ffc3d960000 - 0x00007ffc3d975000 	C:\Program Files\Java\jdk-14\bin\VCRUNTIME140.dll
0x00007ffc3d780000 - 0x00007ffc3d798000 	C:\Program Files\Java\jdk-14\bin\jli.dll
0x00007ffc53cf0000 - 0x00007ffc53d93000 	C:\Windows\System32\ADVAPI32.dll
0x00007ffc528f0000 - 0x00007ffc5298e000 	C:\Windows\System32\msvcrt.dll
0x00007ffc530b0000 - 0x00007ffc53147000 	C:\Windows\System32\sechost.dll
0x00007ffc543b0000 - 0x00007ffc544d0000 	C:\Windows\System32\RPCRT4.dll
0x00007ffc53da0000 - 0x00007ffc53f34000 	C:\Windows\System32\USER32.dll
0x00007ffc51760000 - 0x00007ffc51781000 	C:\Windows\System32\win32u.dll
0x00007ffc44190000 - 0x00007ffc44414000 	C:\Windows\WinSxS\amd64_microsoft.windows.common-controls_6595b64144ccf1df_6.0.18362.959_none_e6c7bbbf130c62bb\COMCTL32.dll
0x00007ffc53150000 - 0x00007ffc53176000 	C:\Windows\System32\GDI32.dll
0x00007ffc52c40000 - 0x00007ffc52f75000 	C:\Windows\System32\combase.dll
0x00007ffc51790000 - 0x00007ffc51926000 	C:\Windows\System32\gdi32full.dll
0x00007ffc51a30000 - 0x00007ffc51ab0000 	C:\Windows\System32\bcryptPrimitives.dll
0x00007ffc51ee0000 - 0x00007ffc51f7e000 	C:\Windows\System32\msvcp_win.dll
0x00007ffc457c0000 - 0x00007ffc457ca000 	C:\Windows\SYSTEM32\VERSION.dll
0x00007ffc53230000 - 0x00007ffc5325e000 	C:\Windows\System32\IMM32.DLL
0x00007ffc12360000 - 0x00007ffc123fb000 	C:\Program Files\Java\jdk-14\bin\msvcp140.dll
0x00007ffc02410000 - 0x00007ffc02f2f000 	C:\Program Files\Java\jdk-14\bin\server\jvm.dll
0x00007ffc544d0000 - 0x00007ffc544d8000 	C:\Windows\System32\PSAPI.DLL
0x00007ffc4e340000 - 0x00007ffc4e364000 	C:\Windows\SYSTEM32\WINMM.dll
0x00007ffc48500000 - 0x00007ffc48509000 	C:\Windows\SYSTEM32\WSOCK32.dll
0x00007ffc53b30000 - 0x00007ffc53b9f000 	C:\Windows\System32\WS2_32.dll
0x00007ffc4e310000 - 0x00007ffc4e33d000 	C:\Windows\SYSTEM32\WINMMBASE.dll
0x00007ffc519e0000 - 0x00007ffc51a2a000 	C:\Windows\System32\cfgmgr32.dll
0x00007ffc51720000 - 0x00007ffc51731000 	C:\Windows\System32\kernel.appcore.dll
0x00007ffc436e0000 - 0x00007ffc436ea000 	C:\Program Files\Java\jdk-14\bin\jimage.dll
0x00007ffc3bcf0000 - 0x00007ffc3bee4000 	C:\Windows\SYSTEM32\DBGHELP.DLL
0x00007ffc3bc90000 - 0x00007ffc3bcba000 	C:\Windows\SYSTEM32\dbgcore.DLL
0x00007ffc396d0000 - 0x00007ffc396f5000 	C:\Program Files\Java\jdk-14\bin\java.dll
0x00007ffc396b0000 - 0x00007ffc396c7000 	C:\Program Files\Java\jdk-14\bin\zip.dll
0x00007ffc53420000 - 0x00007ffc53b06000 	C:\Windows\System32\SHELL32.dll
0x00007ffc544e0000 - 0x00007ffc54589000 	C:\Windows\System32\shcore.dll
0x00007ffc52100000 - 0x00007ffc52882000 	C:\Windows\System32\windows.storage.dll
0x00007ffc516a0000 - 0x00007ffc516c3000 	C:\Windows\System32\profapi.dll
0x00007ffc516d0000 - 0x00007ffc5171a000 	C:\Windows\System32\powrprof.dll
0x00007ffc51690000 - 0x00007ffc516a0000 	C:\Windows\System32\UMPDC.dll
0x00007ffc53260000 - 0x00007ffc532b2000 	C:\Windows\System32\shlwapi.dll
0x00007ffc520e0000 - 0x00007ffc520f7000 	C:\Windows\System32\cryptsp.dll
0x00007ffc39660000 - 0x00007ffc39679000 	C:\Program Files\Java\jdk-14\bin\net.dll
0x00007ffc43c40000 - 0x00007ffc43d30000 	C:\Windows\SYSTEM32\WINHTTP.dll
0x00007ffc50ea0000 - 0x00007ffc50f07000 	C:\Windows\system32\mswsock.dll
0x00007ffc2ac60000 - 0x00007ffc2ac72000 	C:\Program Files\Java\jdk-14\bin\nio.dll
0x000000006e900000 - 0x000000006e916000 	C:\Program Files\Java\jdk-14\bin\sic_jit_pkg.dll
0x0000000069f80000 - 0x0000000069f97000 	C:\Program Files\Java\jdk-14\bin\libasmtk.dll
0x0000000065d40000 - 0x0000000065da1000 	C:\Program Files\Java\jdk-14\bin\libasmjit.dll
0x000000006fc40000 - 0x000000006fda3000 	C:\Program Files\mingw-w64\x86_64-8.1.0-posix-seh-rt_v6-rev0\mingw64\bin\libstdc++-6.dll
0x0000000061440000 - 0x000000006145a000 	C:\Program Files\mingw-w64\x86_64-8.1.0-posix-seh-rt_v6-rev0\mingw64\bin\libgcc_s_seh-1.dll
0x0000000064940000 - 0x0000000064955000 	C:\Program Files\mingw-w64\x86_64-8.1.0-posix-seh-rt_v6-rev0\mingw64\bin\libwinpthread-1.dll
0x00007ffc2a4e0000 - 0x00007ffc2a678000 	C:\Program Files\Java\jdk-14\bin\awt.dll
0x00007ffc546d0000 - 0x00007ffc54795000 	C:\Windows\System32\OLEAUT32.dll
0x00007ffc4f900000 - 0x00007ffc4f98f000 	C:\Windows\SYSTEM32\apphelp.dll
0x00007ffc4fa00000 - 0x00007ffc4fa99000 	C:\Windows\system32\uxtheme.dll
0x00007ffc54590000 - 0x00007ffc546c5000 	C:\Windows\System32\MSCTF.dll
0x00007ffc532c0000 - 0x00007ffc53417000 	C:\Windows\System32\ole32.dll
0x00007ffc4fe30000 - 0x00007ffc4fe5d000 	C:\Windows\system32\DWMAPI.DLL
0x00007ffc2a450000 - 0x00007ffc2a4d2000 	C:\Program Files\Java\jdk-14\bin\freetype.dll
0x00007ffc2a3a0000 - 0x00007ffc2a446000 	C:\Program Files\Java\jdk-14\bin\fontmanager.dll
0x00007ffc3f120000 - 0x00007ffc3f276000 	C:\Windows\system32\opengl32.dll
0x00007ffc3f0b0000 - 0x00007ffc3f0dc000 	C:\Windows\SYSTEM32\GLU32.dll
0x00007ffc50300000 - 0x00007ffc50320000 	C:\Windows\SYSTEM32\dxcore.dll
0x00007ffc3d8b0000 - 0x00007ffc3d959000 	C:\Windows\WinSxS\amd64_microsoft.windows.common-controls_6595b64144ccf1df_5.82.18362.959_none_2a27bd024669d2fe\comctl32.dll
0x00007ffc53180000 - 0x00007ffc53222000 	C:\Windows\System32\clbcatq.dll
0x00007ffc4e040000 - 0x00007ffc4e130000 	C:\Windows\SYSTEM32\PROPSYS.dll
0x00007ffc2b0b0000 - 0x00007ffc2b0c6000 	C:\Windows\system32\NetworkExplorer.dll
0x00007ffc43ef0000 - 0x00007ffc43f0b000 	C:\Windows\SYSTEM32\MPR.dll
0x00007ffc4deb0000 - 0x00007ffc4decb000 	C:\Windows\System32\p9np.dll
0x00007ffc42b80000 - 0x00007ffc42b8b000 	C:\Windows\System32\drprov.dll
0x00007ffc50f10000 - 0x00007ffc50f66000 	C:\Windows\System32\WINSTA.dll
0x00007ffc42b60000 - 0x00007ffc42b75000 	C:\Windows\System32\ntlanman.dll
0x00007ffc3ef10000 - 0x00007ffc3ef2d000 	C:\Windows\System32\davclnt.dll
0x00007ffc42b50000 - 0x00007ffc42b5c000 	C:\Windows\System32\DAVHLPR.dll
0x00007ffc4cee0000 - 0x00007ffc4cef7000 	C:\Windows\System32\wkscli.dll
0x00007ffc51d60000 - 0x00007ffc51d86000 	C:\Windows\System32\bcrypt.dll
0x00007ffc3a040000 - 0x00007ffc3a052000 	C:\Windows\SYSTEM32\cscapi.dll
0x00007ffc50cc0000 - 0x00007ffc50ccc000 	C:\Windows\System32\netutils.dll
0x00007ffc258f0000 - 0x00007ffc25943000 	C:\Windows\System32\dlnashext.dll
0x00007ffc3b440000 - 0x00007ffc3b4a4000 	C:\Windows\System32\PlayToDevice.dll
0x00007ffc429b0000 - 0x00007ffc429d0000 	C:\Windows\System32\DevDispItemProvider.dll
0x00007ffc4a660000 - 0x00007ffc4a6d2000 	C:\Windows\System32\MMDevApi.dll
0x00007ffc51490000 - 0x00007ffc514ba000 	C:\Windows\System32\DEVOBJ.dll
0x00007ffc28580000 - 0x00007ffc2861b000 	C:\Windows\system32\wpdshext.dll
0x00007ffc43f10000 - 0x00007ffc440b3000 	C:\Windows\WinSxS\amd64_microsoft.windows.gdiplus_6595b64144ccf1df_1.1.18362.959_none_17b2aea46d9edc89\gdiplus.dll
0x00007ffc4cb10000 - 0x00007ffc4cbae000 	C:\Windows\System32\PortableDeviceApi.dll
0x00007ffc53f40000 - 0x00007ffc543b0000 	C:\Windows\System32\SETUPAPI.dll
0x00007ffc52080000 - 0x00007ffc520dc000 	C:\Windows\System32\WINTRUST.dll
0x00007ffc51740000 - 0x00007ffc51752000 	C:\Windows\System32\MSASN1.dll
0x00007ffc51d90000 - 0x00007ffc51ed9000 	C:\Windows\System32\CRYPT32.dll
0x00007ffc39890000 - 0x00007ffc398c7000 	C:\Windows\System32\EhStorShell.dll
0x00007ffc3b3b0000 - 0x00007ffc3b3d5000 	C:\Windows\System32\EhStorAPI.dll
0x00007ffc4e160000 - 0x00007ffc4e173000 	C:\Windows\System32\WTSAPI32.dll
0x00007ffc37d70000 - 0x00007ffc37d7d000 	C:\Windows\SYSTEM32\LINKINFO.dll
0x00007ffc4cca0000 - 0x00007ffc4ce4f000 	C:\Windows\SYSTEM32\WindowsCodecs.dll
0x00007ffc39ec0000 - 0x00007ffc39efa000 	C:\Windows\system32\dataexchange.dll
0x00007ffc4ea10000 - 0x00007ffc4ec6b000 	C:\Windows\system32\d3d11.dll
0x00007ffc4f0d0000 - 0x00007ffc4f2ad000 	C:\Windows\system32\dcomp.dll
0x00007ffc50390000 - 0x00007ffc5047b000 	C:\Windows\system32\dxgi.dll
0x00007ffc4fad0000 - 0x00007ffc4fd32000 	C:\Windows\system32\twinapi.appcore.dll
0x00007ffc4ff40000 - 0x00007ffc4ff69000 	C:\Windows\system32\RMCLIENT.dll
0x00007ffc49730000 - 0x00007ffc497ce000 	C:\Windows\System32\TextInputFramework.dll
0x00007ffc4d560000 - 0x00007ffc4d88a000 	C:\Windows\System32\CoreUIComponents.dll
0x00007ffc4f2e0000 - 0x00007ffc4f3b4000 	C:\Windows\System32\CoreMessaging.dll
0x00007ffc506f0000 - 0x00007ffc50721000 	C:\Windows\SYSTEM32\ntmarta.dll
0x00007ffc4d320000 - 0x00007ffc4d473000 	C:\Windows\SYSTEM32\wintypes.dll
0x00007ffc466f0000 - 0x00007ffc46996000 	C:\Windows\System32\iertutil.dll

dbghelp: loaded successfully - version: 4.0.5 - missing functions: none
symbol engine: initialized successfully - sym options: 0x614 - pdb path: .;C:\Program Files\Java\jdk-14\bin;C:\Windows\SYSTEM32;C:\Windows\WinSxS\amd64_microsoft.windows.common-controls_6595b64144ccf1df_6.0.18362.959_none_e6c7bbbf130c62bb;C:\Program Files\Java\jdk-14\bin\server;C:\Program Files\mingw-w64\x86_64-8.1.0-posix-seh-rt_v6-rev0\mingw64\bin;C:\Windows\WinSxS\amd64_microsoft.windows.common-controls_6595b64144ccf1df_5.82.18362.959_none_2a27bd024669d2fe;C:\Windows\WinSxS\amd64_microsoft.windows.gdiplus_6595b64144ccf1df_1.1.18362.959_none_17b2aea46d9edc89

VM Arguments:
java_command: out/make/sictools.jar
java_class_path (initial): out/make/sictools.jar
Launcher Type: SUN_STANDARD

[Global flags]
     intx CICompilerCount                          = 3                                         {product} {ergonomic}
     uint ConcGCThreads                            = 1                                         {product} {ergonomic}
     uint G1ConcRefinementThreads                  = 4                                         {product} {ergonomic}
   size_t G1HeapRegionSize                         = 1048576                                   {product} {ergonomic}
    uintx GCDrainStackTargetSize                   = 64                                        {product} {ergonomic}
   size_t InitialHeapSize                          = 134217728                                 {product} {ergonomic}
   size_t MarkStackSize                            = 4194304                                   {product} {ergonomic}
   size_t MaxHeapSize                              = 2116026368                                {product} {ergonomic}
   size_t MaxNewSize                               = 1268776960                                {product} {ergonomic}
   size_t MinHeapDeltaBytes                        = 1048576                                   {product} {ergonomic}
   size_t MinHeapSize                              = 8388608                                   {product} {ergonomic}
    uintx NonNMethodCodeHeapSize                   = 5832780                                {pd product} {ergonomic}
    uintx NonProfiledCodeHeapSize                  = 122912730                              {pd product} {ergonomic}
    uintx ProfiledCodeHeapSize                     = 122912730                              {pd product} {ergonomic}
    uintx ReservedCodeCacheSize                    = 251658240                              {pd product} {ergonomic}
     bool SegmentedCodeCache                       = true                                      {product} {ergonomic}
   size_t SoftMaxHeapSize                          = 2116026368                             {manageable} {ergonomic}
     bool UseCompressedClassPointers               = true                                 {lp64_product} {ergonomic}
     bool UseCompressedOops                        = true                                 {lp64_product} {ergonomic}
     bool UseG1GC                                  = true                                      {product} {ergonomic}
     bool UseLargePagesIndividualAllocation        = false                                  {pd product} {ergonomic}

Logging:
Log output configuration:
 #0: stdout all=warning uptime,level,tags
 #1: stderr all=off uptime,level,tags

Environment Variables:
PATH="C:\Windows\system32;C:\Windows;C:\Windows\System32\Wbem;C:\Windows\System32\WindowsPowerShell\v1.0\";C:\Program Files\Java\jdk-14\bin;C:\Program Files\Adb\platform-tools;C:\Program Files\mingw-w64\x86_64-8.1.0-posix-seh-rt_v6-rev0\mingw64\bin;C:\Windows\System32;C:\Program Files\CMake\bin;C:\Users\Uporabnik\AppData\Local\Programs\Microsoft VS Code\bin;C:\MinGW\bin
USERNAME=Uporabnik
OS=Windows_NT
PROCESSOR_IDENTIFIER=Intel64 Family 6 Model 61 Stepping 4, GenuineIntel



---------------  S Y S T E M  ---------------

OS: Windows 10 , 64 bit Build 18362 (10.0.18362.959)
OS uptime: 4 days 22:00 hours

CPU:total 4 (initial active 4) (2 cores per cpu, 2 threads per core) family 6 model 61 stepping 4, cmov, cx8, fxsr, mmx, sse, sse2, sse3, ssse3, sse4.1, sse4.2, popcnt, avx, avx2, aes, clmul, erms, rtm, 3dnowpref, lzcnt, ht, tsc, tscinvbit, bmi1, bmi2, adx, fma

Memory: 4k page, system-wide physical 8067M (3286M free)
TotalPageFile size 12419M (AvailPageFile size 5727M)
current process WorkingSet (physical memory assigned to process): 193M, peak: 202M
current process commit charge ("private bytes"): 325M, peak: 339M

vm_info: Java HotSpot(TM) 64-Bit Server VM (14+36-1461) for windows-amd64 JRE (14+36-1461), built on Feb  6 2020 19:08:04 by "mach5one" with MS VC++ 15.9 (VS2017)

END.
